# JRE version: OpenJDK Runtime Environment Temurin-21.0.5+11 (21.0.5+11) (build 21.0.5+11-LTS)
# Java VM: OpenJDK 64-Bit Server VM Temurin-21.0.5+11 (21.0.5+11-LTS, mixed mode, sharing, tiered, compressed oops, compressed class ptrs, parallel gc, windows-amd64)
GC Precious Log:
 CardTable entry size: 512
 CPUs: 12 total, 12 available
 Memory: 16055M
 Large Page Support: Disabled
 NUMA Support: Disabled
 Compressed Oops: Enabled (32-bit)
 Alignments: Space 512K, Generation 512K, Heap 2M
 Heap Min Capacity: 100M
 Heap Initial Capacity: 100M
 Heap Max Capacity: 1G
 Pre-touch: Disabled
 Parallel Workers: 10
Heap:
 PSYoungGen      total 6656K, used 6290K [0x00000000eab00000, 0x00000000eb300000, 0x0000000100000000)
  eden space 5120K, 100% used [0x00000000eab00000,0x00000000eb000000,0x00000000eb000000)
  from space 1536K, 76% used [0x00000000eb180000,0x00000000eb2a4a10,0x00000000eb300000)
  to   space 1536K, 48% used [0x00000000eb000000,0x00000000eb0b8ff8,0x00000000eb180000)
 ParOldGen       total 158720K, used 158713K [0x00000000c0000000, 0x00000000c9b00000, 0x00000000eab00000)
  object space 158720K, 99% used [0x00000000c0000000,0x00000000c9afe790,0x00000000c9b00000)
 Metaspace       used 56812K, committed 58048K, reserved 1114112K
  class space    used 5859K, committed 6336K, reserved 1048576K
GC Heap History (20 events):
Event: 23.369 GC heap after
{Heap after GC invocations=93 (full 2):
 PSYoungGen      total 6656K, used 1229K [0x00000000eab00000, 0x00000000eb400000, 0x0000000100000000)
  eden space 5120K, 0% used [0x00000000eab00000,0x00000000eab00000,0x00000000eb000000)
  from space 1536K, 80% used [0x00000000eb000000,0x00000000eb133570,0x00000000eb180000)
  to   space 2048K, 0% used [0x00000000eb200000,0x00000000eb200000,0x00000000eb400000)
 ParOldGen       total 148992K, used 148579K [0x00000000c0000000, 0x00000000c9180000, 0x00000000eab00000)
  object space 148992K, 99% used [0x00000000c0000000,0x00000000c9118f28,0x00000000c9180000)
 Metaspace       used 56402K, committed 57600K, reserved 1114112K
  class space    used 5826K, committed 6336K, reserved 1048576K
}
Event: 23.406 GC heap before
{Heap before GC invocations=94 (full 2):
 PSYoungGen      total 6656K, used 6349K [0x00000000eab00000, 0x00000000eb400000, 0x0000000100000000)
  eden space 5120K, 100% used [0x00000000eab00000,0x00000000eb000000,0x00000000eb000000)
  from space 1536K, 80% used [0x00000000eb000000,0x00000000eb133570,0x00000000eb180000)
  to   space 2048K, 0% used [0x00000000eb200000,0x00000000eb200000,0x00000000eb400000)
 ParOldGen       total 148992K, used 148579K [0x00000000c0000000, 0x00000000c9180000, 0x00000000eab00000)
  object space 148992K, 99% used [0x00000000c0000000,0x00000000c9118f28,0x00000000c9180000)
 Metaspace       used 56528K, committed 57792K, reserved 1114112K
  class space    used 5836K, committed 6336K, reserved 1048576K
}
Event: 23.409 GC heap after
{Heap after GC invocations=94 (full 2):
 PSYoungGen      total 6656K, used 1198K [0x00000000eab00000, 0x00000000eb380000, 0x0000000100000000)
  eden space 5120K, 0% used [0x00000000eab00000,0x00000000eab00000,0x00000000eb000000)
  from space 1536K, 78% used [0x00000000eb200000,0x00000000eb32bab0,0x00000000eb380000)
  to   space 1536K, 0% used [0x00000000eb000000,0x00000000eb000000,0x00000000eb180000)
 ParOldGen       total 150016K, used 149652K [0x00000000c0000000, 0x00000000c9280000, 0x00000000eab00000)
  object space 150016K, 99% used [0x00000000c0000000,0x00000000c9225188,0x00000000c9280000)
 Metaspace       used 56528K, committed 57792K, reserved 1114112K
  class space    used 5836K, committed 6336K, reserved 1048576K
}
Event: 23.444 GC heap before
{Heap before GC invocations=95 (full 2):
 PSYoungGen      total 6656K, used 6318K [0x00000000eab00000, 0x00000000eb380000, 0x0000000100000000)
  eden space 5120K, 100% used [0x00000000eab00000,0x00000000eb000000,0x00000000eb000000)
  from space 1536K, 78% used [0x00000000eb200000,0x00000000eb32bab0,0x00000000eb380000)
  to   space 1536K, 0% used [0x00000000eb000000,0x00000000eb000000,0x00000000eb180000)
 ParOldGen       total 150016K, used 149652K [0x00000000c0000000, 0x00000000c9280000, 0x00000000eab00000)
  object space 150016K, 99% used [0x00000000c0000000,0x00000000c9225188,0x00000000c9280000)
 Metaspace       used 56666K, committed 57920K, reserved 1114112K
  class space    used 5848K, committed 6336K, reserved 1048576K
}
Event: 23.446 GC heap after
{Heap after GC invocations=95 (full 2):
 PSYoungGen      total 6656K, used 1174K [0x00000000eab00000, 0x00000000eb300000, 0x0000000100000000)
  eden space 5120K, 0% used [0x00000000eab00000,0x00000000eab00000,0x00000000eb000000)
  from space 1536K, 76% used [0x00000000eb000000,0x00000000eb125a70,0x00000000eb180000)
  to   space 1536K, 0% used [0x00000000eb180000,0x00000000eb180000,0x00000000eb300000)
 ParOldGen       total 151040K, used 150695K [0x00000000c0000000, 0x00000000c9380000, 0x00000000eab00000)
  object space 151040K, 99% used [0x00000000c0000000,0x00000000c9329d68,0x00000000c9380000)
 Metaspace       used 56666K, committed 57920K, reserved 1114112K
  class space    used 5848K, committed 6336K, reserved 1048576K
}
Event: 23.482 GC heap before
{Heap before GC invocations=96 (full 2):
 PSYoungGen      total 6656K, used 6294K [0x00000000eab00000, 0x00000000eb300000, 0x0000000100000000)
  eden space 5120K, 100% used [0x00000000eab00000,0x00000000eb000000,0x00000000eb000000)
  from space 1536K, 76% used [0x00000000eb000000,0x00000000eb125a70,0x00000000eb180000)
  to   space 1536K, 0% used [0x00000000eb180000,0x00000000eb180000,0x00000000eb300000)
 ParOldGen       total 151040K, used 150695K [0x00000000c0000000, 0x00000000c9380000, 0x00000000eab00000)
  object space 151040K, 99% used [0x00000000c0000000,0x00000000c9329d68,0x00000000c9380000)
 Metaspace       used 56794K, committed 58048K, reserved 1114112K
  class space    used 5859K, committed 6336K, reserved 1048576K
}
Event: 23.486 GC heap after
{Heap after GC invocations=96 (full 2):
 PSYoungGen      total 6656K, used 1197K [0x00000000eab00000, 0x00000000eb300000, 0x0000000100000000)
  eden space 5120K, 0% used [0x00000000eab00000,0x00000000eab00000,0x00000000eb000000)
  from space 1536K, 77% used [0x00000000eb180000,0x00000000eb2ab550,0x00000000eb300000)
  to   space 1536K, 0% used [0x00000000eb000000,0x00000000eb000000,0x00000000eb180000)
 ParOldGen       total 152064K, used 151751K [0x00000000c0000000, 0x00000000c9480000, 0x00000000eab00000)
  object space 152064K, 99% used [0x00000000c0000000,0x00000000c9431e50,0x00000000c9480000)
 Metaspace       used 56794K, committed 58048K, reserved 1114112K
  class space    used 5859K, committed 6336K, reserved 1048576K
}
Event: 23.535 GC heap before
{Heap before GC invocations=97 (full 2):
 PSYoungGen      total 6656K, used 6317K [0x00000000eab00000, 0x00000000eb300000, 0x0000000100000000)
  eden space 5120K, 100% used [0x00000000eab00000,0x00000000eb000000,0x00000000eb000000)
  from space 1536K, 77% used [0x00000000eb180000,0x00000000eb2ab550,0x00000000eb300000)
  to   space 1536K, 0% used [0x00000000eb000000,0x00000000eb000000,0x00000000eb180000)
 ParOldGen       total 152064K, used 151751K [0x00000000c0000000, 0x00000000c9480000, 0x00000000eab00000)
  object space 152064K, 99% used [0x00000000c0000000,0x00000000c9431e50,0x00000000c9480000)
 Metaspace       used 56800K, committed 58048K, reserved 1114112K
  class space    used 5859K, committed 6336K, reserved 1048576K
}
Event: 23.537 GC heap after
{Heap after GC invocations=97 (full 2):
 PSYoungGen      total 6656K, used 1235K [0x00000000eab00000, 0x00000000eb300000, 0x0000000100000000)
  eden space 5120K, 0% used [0x00000000eab00000,0x00000000eab00000,0x00000000eb000000)
  from space 1536K, 80% used [0x00000000eb000000,0x00000000eb134e00,0x00000000eb180000)
  to   space 1536K, 0% used [0x00000000eb180000,0x00000000eb180000,0x00000000eb300000)
 ParOldGen       total 153088K, used 152800K [0x00000000c0000000, 0x00000000c9580000, 0x00000000eab00000)
  object space 153088K, 99% used [0x00000000c0000000,0x00000000c95381c8,0x00000000c9580000)
 Metaspace       used 56800K, committed 58048K, reserved 1114112K
  class space    used 5859K, committed 6336K, reserved 1048576K
}
Event: 23.581 GC heap before
{Heap before GC invocations=98 (full 2):
 PSYoungGen      total 6656K, used 6355K [0x00000000eab00000, 0x00000000eb300000, 0x0000000100000000)
  eden space 5120K, 100% used [0x00000000eab00000,0x00000000eb000000,0x00000000eb000000)
  from space 1536K, 80% used [0x00000000eb000000,0x00000000eb134e00,0x00000000eb180000)
  to   space 1536K, 0% used [0x00000000eb180000,0x00000000eb180000,0x00000000eb300000)
 ParOldGen       total 153088K, used 152800K [0x00000000c0000000, 0x00000000c9580000, 0x00000000eab00000)
  object space 153088K, 99% used [0x00000000c0000000,0x00000000c95381c8,0x00000000c9580000)
 Metaspace       used 56806K, committed 58048K, reserved 1114112K
  class space    used 5859K, committed 6336K, reserved 1048576K
}
Event: 23.585 GC heap after
{Heap after GC invocations=98 (full 2):
 PSYoungGen      total 6656K, used 1229K [0x00000000eab00000, 0x00000000eb300000, 0x0000000100000000)
  eden space 5120K, 0% used [0x00000000eab00000,0x00000000eab00000,0x00000000eb000000)
  from space 1536K, 80% used [0x00000000eb180000,0x00000000eb2b3668,0x00000000eb300000)
  to   space 1536K, 0% used [0x00000000eb000000,0x00000000eb000000,0x00000000eb180000)
 ParOldGen       total 154112K, used 153879K [0x00000000c0000000, 0x00000000c9680000, 0x00000000eab00000)
  object space 154112K, 99% used [0x00000000c0000000,0x00000000c9645cd0,0x00000000c9680000)
 Metaspace       used 56806K, committed 58048K, reserved 1114112K
  class space    used 5859K, committed 6336K, reserved 1048576K
}
Event: 23.627 GC heap before
{Heap before GC invocations=99 (full 2):
 PSYoungGen      total 6656K, used 6349K [0x00000000eab00000, 0x00000000eb300000, 0x0000000100000000)
  eden space 5120K, 100% used [0x00000000eab00000,0x00000000eb000000,0x00000000eb000000)
  from space 1536K, 80% used [0x00000000eb180000,0x00000000eb2b3668,0x00000000eb300000)
  to   space 1536K, 0% used [0x00000000eb000000,0x00000000eb000000,0x00000000eb180000)
 ParOldGen       total 154112K, used 153879K [0x00000000c0000000, 0x00000000c9680000, 0x00000000eab00000)
  object space 154112K, 99% used [0x00000000c0000000,0x00000000c9645cd0,0x00000000c9680000)
 Metaspace       used 56809K, committed 58048K, reserved 1114112K
  class space    used 5859K, committed 6336K, reserved 1048576K
}
Event: 23.631 GC heap after
{Heap after GC invocations=99 (full 2):
 PSYoungGen      total 6656K, used 1204K [0x00000000eab00000, 0x00000000eb300000, 0x0000000100000000)
  eden space 5120K, 0% used [0x00000000eab00000,0x00000000eab00000,0x00000000eb000000)
  from space 1536K, 78% used [0x00000000eb000000,0x00000000eb12d138,0x00000000eb180000)
  to   space 1536K, 0% used [0x00000000eb180000,0x00000000eb180000,0x00000000eb300000)
 ParOldGen       total 155136K, used 154966K [0x00000000c0000000, 0x00000000c9780000, 0x00000000eab00000)
  object space 155136K, 99% used [0x00000000c0000000,0x00000000c9755bc0,0x00000000c9780000)
 Metaspace       used 56809K, committed 58048K, reserved 1114112K
  class space    used 5859K, committed 6336K, reserved 1048576K
}
Event: 23.675 GC heap before
{Heap before GC invocations=100 (full 2):
 PSYoungGen      total 6656K, used 6324K [0x00000000eab00000, 0x00000000eb300000, 0x0000000100000000)
  eden space 5120K, 100% used [0x00000000eab00000,0x00000000eb000000,0x00000000eb000000)
  from space 1536K, 78% used [0x00000000eb000000,0x00000000eb12d138,0x00000000eb180000)
  to   space 1536K, 0% used [0x00000000eb180000,0x00000000eb180000,0x00000000eb300000)
 ParOldGen       total 155136K, used 154966K [0x00000000c0000000, 0x00000000c9780000, 0x00000000eab00000)
  object space 155136K, 99% used [0x00000000c0000000,0x00000000c9755bc0,0x00000000c9780000)
 Metaspace       used 56810K, committed 58048K, reserved 1114112K
  class space    used 5859K, committed 6336K, reserved 1048576K
}
Event: 23.678 GC heap after
{Heap after GC invocations=100 (full 2):
 PSYoungGen      total 6656K, used 1254K [0x00000000eab00000, 0x00000000eb300000, 0x0000000100000000)
  eden space 5120K, 0% used [0x00000000eab00000,0x00000000eab00000,0x00000000eb000000)
  from space 1536K, 81% used [0x00000000eb180000,0x00000000eb2b9808,0x00000000eb300000)
  to   space 1536K, 0% used [0x00000000eb000000,0x00000000eb000000,0x00000000eb180000)
 ParOldGen       total 156160K, used 156062K [0x00000000c0000000, 0x00000000c9880000, 0x00000000eab00000)
  object space 156160K, 99% used [0x00000000c0000000,0x00000000c9867868,0x00000000c9880000)
 Metaspace       used 56810K, committed 58048K, reserved 1114112K
  class space    used 5859K, committed 6336K, reserved 1048576K
}
Event: 23.722 GC heap before
{Heap before GC invocations=101 (full 2):
 PSYoungGen      total 6656K, used 6374K [0x00000000eab00000, 0x00000000eb300000, 0x0000000100000000)
  eden space 5120K, 100% used [0x00000000eab00000,0x00000000eb000000,0x00000000eb000000)
  from space 1536K, 81% used [0x00000000eb180000,0x00000000eb2b9808,0x00000000eb300000)
  to   space 1536K, 0% used [0x00000000eb000000,0x00000000eb000000,0x00000000eb180000)
 ParOldGen       total 156160K, used 156062K [0x00000000c0000000, 0x00000000c9880000, 0x00000000eab00000)
  object space 156160K, 99% used [0x00000000c0000000,0x00000000c9867868,0x00000000c9880000)
 Metaspace       used 56811K, committed 58048K, reserved 1114112K
  class space    used 5859K, committed 6336K, reserved 1048576K
}
Event: 23.725 GC heap after
{Heap after GC invocations=101 (full 2):
 PSYoungGen      total 6656K, used 1210K [0x00000000eab00000, 0x00000000eb300000, 0x0000000100000000)
  eden space 5120K, 0% used [0x00000000eab00000,0x00000000eab00000,0x00000000eb000000)
  from space 1536K, 78% used [0x00000000eb000000,0x00000000eb12e8f0,0x00000000eb180000)
  to   space 1536K, 0% used [0x00000000eb180000,0x00000000eb180000,0x00000000eb300000)
 ParOldGen       total 157184K, used 157179K [0x00000000c0000000, 0x00000000c9980000, 0x00000000eab00000)
  object space 157184K, 99% used [0x00000000c0000000,0x00000000c997ee20,0x00000000c9980000)
 Metaspace       used 56811K, committed 58048K, reserved 1114112K
  class space    used 5859K, committed 6336K, reserved 1048576K
}
Event: 23.768 GC heap before
{Heap before GC invocations=102 (full 2):
 PSYoungGen      total 6656K, used 6330K [0x00000000eab00000, 0x00000000eb300000, 0x0000000100000000)
  eden space 5120K, 100% used [0x00000000eab00000,0x00000000eb000000,0x00000000eb000000)
  from space 1536K, 78% used [0x00000000eb000000,0x00000000eb12e8f0,0x00000000eb180000)
  to   space 1536K, 0% used [0x00000000eb180000,0x00000000eb180000,0x00000000eb300000)
 ParOldGen       total 157184K, used 157179K [0x00000000c0000000, 0x00000000c9980000, 0x00000000eab00000)
  object space 157184K, 99% used [0x00000000c0000000,0x00000000c997ee20,0x00000000c9980000)
 Metaspace       used 56812K, committed 58048K, reserved 1114112K
  class space    used 5859K, committed 6336K, reserved 1048576K
}
Event: 23.770 GC heap after
{Heap after GC invocations=102 (full 2):
 PSYoungGen      total 6656K, used 1170K [0x00000000eab00000, 0x00000000eb300000, 0x0000000100000000)
  eden space 5120K, 0% used [0x00000000eab00000,0x00000000eab00000,0x00000000eb000000)
  from space 1536K, 76% used [0x00000000eb180000,0x00000000eb2a4a10,0x00000000eb300000)
  to   space 1536K, 0% used [0x00000000eb000000,0x00000000eb000000,0x00000000eb180000)
 ParOldGen       total 158720K, used 158272K [0x00000000c0000000, 0x00000000c9b00000, 0x00000000eab00000)
  object space 158720K, 99% used [0x00000000c0000000,0x00000000c9a90148,0x00000000c9b00000)
 Metaspace       used 56812K, committed 58048K, reserved 1114112K
  class space    used 5859K, committed 6336K, reserved 1048576K
}
Event: 23.809 GC heap before
{Heap before GC invocations=103 (full 2):
 PSYoungGen      total 6656K, used 6290K [0x00000000eab00000, 0x00000000eb300000, 0x0000000100000000)
  eden space 5120K, 100% used [0x00000000eab00000,0x00000000eb000000,0x00000000eb000000)
  from space 1536K, 76% used [0x00000000eb180000,0x00000000eb2a4a10,0x00000000eb300000)
  to   space 1536K, 0% used [0x00000000eb000000,0x00000000eb000000,0x00000000eb180000)
 ParOldGen       total 158720K, used 158272K [0x00000000c0000000, 0x00000000c9b00000, 0x00000000eab00000)
  object space 158720K, 99% used [0x00000000c0000000,0x00000000c9a90148,0x00000000c9b00000)
 Metaspace       used 56812K, committed 58048K, reserved 1114112K
  class space    used 5859K, committed 6336K, reserved 1048576K
}

