# JRE version: OpenJDK Runtime Environment Temurin-21.0.5+11 (21.0.5+11) (build 21.0.5+11-LTS)
# Java VM: OpenJDK 64-Bit Server VM Temurin-21.0.5+11 (21.0.5+11-LTS, mixed mode, sharing, tiered, compressed oops, compressed class ptrs, parallel gc, windows-amd64)
GC Precious Log:
 CardTable entry size: 512
 CPUs: 12 total, 12 available
 Memory: 16055M
 Large Page Support: Disabled
 NUMA Support: Disabled
 Compressed Oops: Enabled (32-bit)
 Alignments: Space 512K, Generation 512K, Heap 2M
 Heap Min Capacity: 100M
 Heap Initial Capacity: 100M
 Heap Max Capacity: 1G
 Pre-touch: Disabled
 Parallel Workers: 10
Heap:
 PSYoungGen      total 5120K, used 1009K [0x00000000eab00000, 0x00000000eb100000, 0x0000000100000000)
  eden space 4096K, 0% used [0x00000000eab00000,0x00000000eab00000,0x00000000eaf00000)
  from space 1024K, 98% used [0x00000000eb000000,0x00000000eb0fc460,0x00000000eb100000)
  to   space 1024K, 0% used [0x00000000eaf00000,0x00000000eaf00000,0x00000000eb000000)
 ParOldGen       total 290816K, used 290618K [0x00000000c0000000, 0x00000000d1c00000, 0x00000000eab00000)
  object space 290816K, 99% used [0x00000000c0000000,0x00000000d1bce848,0x00000000d1c00000)
 Metaspace       used 60802K, committed 62080K, reserved 1114112K
  class space    used 6537K, committed 7104K, reserved 1048576K
GC Heap History (20 events):
Event: 21.302 GC heap after
{Heap after GC invocations=249 (full 3):
 PSYoungGen      total 4096K, used 797K [0x00000000eab00000, 0x00000000eb000000, 0x0000000100000000)
  eden space 3072K, 0% used [0x00000000eab00000,0x00000000eab00000,0x00000000eae00000)
  from space 1024K, 77% used [0x00000000eaf00000,0x00000000eafc77f8,0x00000000eb000000)
  to   space 1024K, 0% used [0x00000000eae00000,0x00000000eae00000,0x00000000eaf00000)
 ParOldGen       total 284160K, used 284149K [0x00000000c0000000, 0x00000000d1580000, 0x00000000eab00000)
  object space 284160K, 99% used [0x00000000c0000000,0x00000000d157d6d0,0x00000000d1580000)
 Metaspace       used 60799K, committed 62080K, reserved 1114112K
  class space    used 6537K, committed 7104K, reserved 1048576K
}
Event: 21.315 GC heap before
{Heap before GC invocations=250 (full 3):
 PSYoungGen      total 4096K, used 3869K [0x00000000eab00000, 0x00000000eb000000, 0x0000000100000000)
  eden space 3072K, 100% used [0x00000000eab00000,0x00000000eae00000,0x00000000eae00000)
  from space 1024K, 77% used [0x00000000eaf00000,0x00000000eafc77f8,0x00000000eb000000)
  to   space 1024K, 0% used [0x00000000eae00000,0x00000000eae00000,0x00000000eaf00000)
 ParOldGen       total 284160K, used 284149K [0x00000000c0000000, 0x00000000d1580000, 0x00000000eab00000)
  object space 284160K, 99% used [0x00000000c0000000,0x00000000d157d6d0,0x00000000d1580000)
 Metaspace       used 60799K, committed 62080K, reserved 1114112K
  class space    used 6537K, committed 7104K, reserved 1048576K
}
Event: 21.317 GC heap after
{Heap after GC invocations=250 (full 3):
 PSYoungGen      total 4096K, used 892K [0x00000000eab00000, 0x00000000eb000000, 0x0000000100000000)
  eden space 3072K, 0% used [0x00000000eab00000,0x00000000eab00000,0x00000000eae00000)
  from space 1024K, 87% used [0x00000000eae00000,0x00000000eaedf338,0x00000000eaf00000)
  to   space 1024K, 0% used [0x00000000eaf00000,0x00000000eaf00000,0x00000000eb000000)
 ParOldGen       total 285184K, used 284795K [0x00000000c0000000, 0x00000000d1680000, 0x00000000eab00000)
  object space 285184K, 99% used [0x00000000c0000000,0x00000000d161ecd0,0x00000000d1680000)
 Metaspace       used 60799K, committed 62080K, reserved 1114112K
  class space    used 6537K, committed 7104K, reserved 1048576K
}
Event: 21.329 GC heap before
{Heap before GC invocations=251 (full 3):
 PSYoungGen      total 4096K, used 3964K [0x00000000eab00000, 0x00000000eb000000, 0x0000000100000000)
  eden space 3072K, 100% used [0x00000000eab00000,0x00000000eae00000,0x00000000eae00000)
  from space 1024K, 87% used [0x00000000eae00000,0x00000000eaedf338,0x00000000eaf00000)
  to   space 1024K, 0% used [0x00000000eaf00000,0x00000000eaf00000,0x00000000eb000000)
 ParOldGen       total 285184K, used 284795K [0x00000000c0000000, 0x00000000d1680000, 0x00000000eab00000)
  object space 285184K, 99% used [0x00000000c0000000,0x00000000d161ecd0,0x00000000d1680000)
 Metaspace       used 60799K, committed 62080K, reserved 1114112K
  class space    used 6537K, committed 7104K, reserved 1048576K
}
Event: 21.331 GC heap after
{Heap after GC invocations=251 (full 3):
 PSYoungGen      total 4096K, used 737K [0x00000000eab00000, 0x00000000eb000000, 0x0000000100000000)
  eden space 3072K, 0% used [0x00000000eab00000,0x00000000eab00000,0x00000000eae00000)
  from space 1024K, 72% used [0x00000000eaf00000,0x00000000eafb8628,0x00000000eb000000)
  to   space 1024K, 0% used [0x00000000eae00000,0x00000000eae00000,0x00000000eaf00000)
 ParOldGen       total 285696K, used 285432K [0x00000000c0000000, 0x00000000d1700000, 0x00000000eab00000)
  object space 285696K, 99% used [0x00000000c0000000,0x00000000d16be128,0x00000000d1700000)
 Metaspace       used 60799K, committed 62080K, reserved 1114112K
  class space    used 6537K, committed 7104K, reserved 1048576K
}
Event: 21.347 GC heap before
{Heap before GC invocations=252 (full 3):
 PSYoungGen      total 4096K, used 3809K [0x00000000eab00000, 0x00000000eb000000, 0x0000000100000000)
  eden space 3072K, 100% used [0x00000000eab00000,0x00000000eae00000,0x00000000eae00000)
  from space 1024K, 72% used [0x00000000eaf00000,0x00000000eafb8628,0x00000000eb000000)
  to   space 1024K, 0% used [0x00000000eae00000,0x00000000eae00000,0x00000000eaf00000)
 ParOldGen       total 285696K, used 285432K [0x00000000c0000000, 0x00000000d1700000, 0x00000000eab00000)
  object space 285696K, 99% used [0x00000000c0000000,0x00000000d16be128,0x00000000d1700000)
 Metaspace       used 60799K, committed 62080K, reserved 1114112K
  class space    used 6537K, committed 7104K, reserved 1048576K
}
Event: 21.349 GC heap after
{Heap after GC invocations=252 (full 3):
 PSYoungGen      total 4096K, used 763K [0x00000000eab00000, 0x00000000eb000000, 0x0000000100000000)
  eden space 3072K, 0% used [0x00000000eab00000,0x00000000eab00000,0x00000000eae00000)
  from space 1024K, 74% used [0x00000000eae00000,0x00000000eaebec20,0x00000000eaf00000)
  to   space 1024K, 0% used [0x00000000eaf00000,0x00000000eaf00000,0x00000000eb000000)
 ParOldGen       total 286208K, used 286011K [0x00000000c0000000, 0x00000000d1780000, 0x00000000eab00000)
  object space 286208K, 99% used [0x00000000c0000000,0x00000000d174ee38,0x00000000d1780000)
 Metaspace       used 60799K, committed 62080K, reserved 1114112K
  class space    used 6537K, committed 7104K, reserved 1048576K
}
Event: 21.360 GC heap before
{Heap before GC invocations=253 (full 3):
 PSYoungGen      total 4096K, used 3835K [0x00000000eab00000, 0x00000000eb000000, 0x0000000100000000)
  eden space 3072K, 100% used [0x00000000eab00000,0x00000000eae00000,0x00000000eae00000)
  from space 1024K, 74% used [0x00000000eae00000,0x00000000eaebec20,0x00000000eaf00000)
  to   space 1024K, 0% used [0x00000000eaf00000,0x00000000eaf00000,0x00000000eb000000)
 ParOldGen       total 286208K, used 286011K [0x00000000c0000000, 0x00000000d1780000, 0x00000000eab00000)
  object space 286208K, 99% used [0x00000000c0000000,0x00000000d174ee38,0x00000000d1780000)
 Metaspace       used 60802K, committed 62080K, reserved 1114112K
  class space    used 6537K, committed 7104K, reserved 1048576K
}
Event: 21.362 GC heap after
{Heap after GC invocations=253 (full 3):
 PSYoungGen      total 4096K, used 833K [0x00000000eab00000, 0x00000000eb000000, 0x0000000100000000)
  eden space 3072K, 0% used [0x00000000eab00000,0x00000000eab00000,0x00000000eae00000)
  from space 1024K, 81% used [0x00000000eaf00000,0x00000000eafd04d0,0x00000000eb000000)
  to   space 1024K, 0% used [0x00000000eae00000,0x00000000eae00000,0x00000000eaf00000)
 ParOldGen       total 286720K, used 286630K [0x00000000c0000000, 0x00000000d1800000, 0x00000000eab00000)
  object space 286720K, 99% used [0x00000000c0000000,0x00000000d17e9a48,0x00000000d1800000)
 Metaspace       used 60802K, committed 62080K, reserved 1114112K
  class space    used 6537K, committed 7104K, reserved 1048576K
}
Event: 21.373 GC heap before
{Heap before GC invocations=254 (full 3):
 PSYoungGen      total 4096K, used 3905K [0x00000000eab00000, 0x00000000eb000000, 0x0000000100000000)
  eden space 3072K, 100% used [0x00000000eab00000,0x00000000eae00000,0x00000000eae00000)
  from space 1024K, 81% used [0x00000000eaf00000,0x00000000eafd04d0,0x00000000eb000000)
  to   space 1024K, 0% used [0x00000000eae00000,0x00000000eae00000,0x00000000eaf00000)
 ParOldGen       total 286720K, used 286630K [0x00000000c0000000, 0x00000000d1800000, 0x00000000eab00000)
  object space 286720K, 99% used [0x00000000c0000000,0x00000000d17e9a48,0x00000000d1800000)
 Metaspace       used 60802K, committed 62080K, reserved 1114112K
  class space    used 6537K, committed 7104K, reserved 1048576K
}
Event: 21.374 GC heap after
{Heap after GC invocations=254 (full 3):
 PSYoungGen      total 4096K, used 793K [0x00000000eab00000, 0x00000000eb000000, 0x0000000100000000)
  eden space 3072K, 0% used [0x00000000eab00000,0x00000000eab00000,0x00000000eae00000)
  from space 1024K, 77% used [0x00000000eae00000,0x00000000eaec6450,0x00000000eaf00000)
  to   space 1024K, 0% used [0x00000000eaf00000,0x00000000eaf00000,0x00000000eb000000)
 ParOldGen       total 287232K, used 287227K [0x00000000c0000000, 0x00000000d1880000, 0x00000000eab00000)
  object space 287232K, 99% used [0x00000000c0000000,0x00000000d187ef68,0x00000000d1880000)
 Metaspace       used 60802K, committed 62080K, reserved 1114112K
  class space    used 6537K, committed 7104K, reserved 1048576K
}
Event: 21.383 GC heap before
{Heap before GC invocations=255 (full 3):
 PSYoungGen      total 4096K, used 3865K [0x00000000eab00000, 0x00000000eb000000, 0x0000000100000000)
  eden space 3072K, 100% used [0x00000000eab00000,0x00000000eae00000,0x00000000eae00000)
  from space 1024K, 77% used [0x00000000eae00000,0x00000000eaec6450,0x00000000eaf00000)
  to   space 1024K, 0% used [0x00000000eaf00000,0x00000000eaf00000,0x00000000eb000000)
 ParOldGen       total 287232K, used 287227K [0x00000000c0000000, 0x00000000d1880000, 0x00000000eab00000)
  object space 287232K, 99% used [0x00000000c0000000,0x00000000d187ef68,0x00000000d1880000)
 Metaspace       used 60802K, committed 62080K, reserved 1114112K
  class space    used 6537K, committed 7104K, reserved 1048576K
}
Event: 22.385 GC heap after
{Heap after GC invocations=255 (full 3):
 PSYoungGen      total 4096K, used 885K [0x00000000eab00000, 0x00000000eb100000, 0x0000000100000000)
  eden space 3072K, 0% used [0x00000000eab00000,0x00000000eab00000,0x00000000eae00000)
  from space 1024K, 86% used [0x00000000eaf00000,0x00000000eafdd6a8,0x00000000eb000000)
  to   space 1024K, 0% used [0x00000000eae00000,0x00000000eae00000,0x00000000eaf00000)
 ParOldGen       total 288256K, used 287860K [0x00000000c0000000, 0x00000000d1980000, 0x00000000eab00000)
  object space 288256K, 99% used [0x00000000c0000000,0x00000000d191d2a0,0x00000000d1980000)
 Metaspace       used 60802K, committed 62080K, reserved 1114112K
  class space    used 6537K, committed 7104K, reserved 1048576K
}
Event: 22.403 GC heap before
{Heap before GC invocations=256 (full 3):
 PSYoungGen      total 4096K, used 3957K [0x00000000eab00000, 0x00000000eb100000, 0x0000000100000000)
  eden space 3072K, 100% used [0x00000000eab00000,0x00000000eae00000,0x00000000eae00000)
  from space 1024K, 86% used [0x00000000eaf00000,0x00000000eafdd6a8,0x00000000eb000000)
  to   space 1024K, 0% used [0x00000000eae00000,0x00000000eae00000,0x00000000eaf00000)
 ParOldGen       total 288256K, used 287860K [0x00000000c0000000, 0x00000000d1980000, 0x00000000eab00000)
  object space 288256K, 99% used [0x00000000c0000000,0x00000000d191d2a0,0x00000000d1980000)
 Metaspace       used 60802K, committed 62080K, reserved 1114112K
  class space    used 6537K, committed 7104K, reserved 1048576K
}
Event: 22.405 GC heap after
{Heap after GC invocations=256 (full 3):
 PSYoungGen      total 4096K, used 859K [0x00000000eab00000, 0x00000000eb100000, 0x0000000100000000)
  eden space 3072K, 0% used [0x00000000eab00000,0x00000000eab00000,0x00000000eae00000)
  from space 1024K, 83% used [0x00000000eae00000,0x00000000eaed6fd8,0x00000000eaf00000)
  to   space 1024K, 0% used [0x00000000eb000000,0x00000000eb000000,0x00000000eb100000)
 ParOldGen       total 288768K, used 288443K [0x00000000c0000000, 0x00000000d1a00000, 0x00000000eab00000)
  object space 288768K, 99% used [0x00000000c0000000,0x00000000d19aec90,0x00000000d1a00000)
 Metaspace       used 60802K, committed 62080K, reserved 1114112K
  class space    used 6537K, committed 7104K, reserved 1048576K
}
Event: 22.419 GC heap before
{Heap before GC invocations=257 (full 3):
 PSYoungGen      total 4096K, used 3931K [0x00000000eab00000, 0x00000000eb100000, 0x0000000100000000)
  eden space 3072K, 100% used [0x00000000eab00000,0x00000000eae00000,0x00000000eae00000)
  from space 1024K, 83% used [0x00000000eae00000,0x00000000eaed6fd8,0x00000000eaf00000)
  to   space 1024K, 0% used [0x00000000eb000000,0x00000000eb000000,0x00000000eb100000)
 ParOldGen       total 288768K, used 288443K [0x00000000c0000000, 0x00000000d1a00000, 0x00000000eab00000)
  object space 288768K, 99% used [0x00000000c0000000,0x00000000d19aec90,0x00000000d1a00000)
 Metaspace       used 60802K, committed 62080K, reserved 1114112K
  class space    used 6537K, committed 7104K, reserved 1048576K
}
Event: 22.420 GC heap after
{Heap after GC invocations=257 (full 3):
 PSYoungGen      total 5120K, used 894K [0x00000000eab00000, 0x00000000eb100000, 0x0000000100000000)
  eden space 4096K, 0% used [0x00000000eab00000,0x00000000eab00000,0x00000000eaf00000)
  from space 1024K, 87% used [0x00000000eb000000,0x00000000eb0df978,0x00000000eb100000)
  to   space 1024K, 0% used [0x00000000eaf00000,0x00000000eaf00000,0x00000000eb000000)
 ParOldGen       total 289280K, used 289094K [0x00000000c0000000, 0x00000000d1a80000, 0x00000000eab00000)
  object space 289280K, 99% used [0x00000000c0000000,0x00000000d1a51be8,0x00000000d1a80000)
 Metaspace       used 60802K, committed 62080K, reserved 1114112K
  class space    used 6537K, committed 7104K, reserved 1048576K
}
Event: 22.436 GC heap before
{Heap before GC invocations=258 (full 3):
 PSYoungGen      total 5120K, used 4900K [0x00000000eab00000, 0x00000000eb100000, 0x0000000100000000)
  eden space 4096K, 97% used [0x00000000eab00000,0x00000000eaee9a08,0x00000000eaf00000)
  from space 1024K, 87% used [0x00000000eb000000,0x00000000eb0df978,0x00000000eb100000)
  to   space 1024K, 0% used [0x00000000eaf00000,0x00000000eaf00000,0x00000000eb000000)
 ParOldGen       total 289280K, used 289094K [0x00000000c0000000, 0x00000000d1a80000, 0x00000000eab00000)
  object space 289280K, 99% used [0x00000000c0000000,0x00000000d1a51be8,0x00000000d1a80000)
 Metaspace       used 60802K, committed 62080K, reserved 1114112K
  class space    used 6537K, committed 7104K, reserved 1048576K
}
Event: 22.437 GC heap after
{Heap after GC invocations=258 (full 3):
 PSYoungGen      total 5120K, used 977K [0x00000000eab00000, 0x00000000eb100000, 0x0000000100000000)
  eden space 4096K, 0% used [0x00000000eab00000,0x00000000eab00000,0x00000000eaf00000)
  from space 1024K, 95% used [0x00000000eaf00000,0x00000000eaff4528,0x00000000eb000000)
  to   space 1024K, 0% used [0x00000000eb000000,0x00000000eb000000,0x00000000eb100000)
 ParOldGen       total 289792K, used 289719K [0x00000000c0000000, 0x00000000d1b00000, 0x00000000eab00000)
  object space 289792K, 99% used [0x00000000c0000000,0x00000000d1aedfb0,0x00000000d1b00000)
 Metaspace       used 60802K, committed 62080K, reserved 1114112K
  class space    used 6537K, committed 7104K, reserved 1048576K
}
Event: 22.446 GC heap before
{Heap before GC invocations=259 (full 3):
 PSYoungGen      total 5120K, used 5073K [0x00000000eab00000, 0x00000000eb100000, 0x0000000100000000)
  eden space 4096K, 100% used [0x00000000eab00000,0x00000000eaf00000,0x00000000eaf00000)
  from space 1024K, 95% used [0x00000000eaf00000,0x00000000eaff4528,0x00000000eb000000)
  to   space 1024K, 0% used [0x00000000eb000000,0x00000000eb000000,0x00000000eb100000)
 ParOldGen       total 289792K, used 289719K [0x00000000c0000000, 0x00000000d1b00000, 0x00000000eab00000)
  object space 289792K, 99% used [0x00000000c0000000,0x00000000d1aedfb0,0x00000000d1b00000)
 Metaspace       used 60802K, committed 62080K, reserved 1114112K
  class space    used 6537K, committed 7104K, reserved 1048576K
}

