# JRE version: OpenJDK Runtime Environment Temurin-21.0.5+11 (21.0.5+11) (build 21.0.5+11-LTS)
# Java VM: OpenJDK 64-Bit Server VM Temurin-21.0.5+11 (21.0.5+11-LTS, mixed mode, sharing, tiered, compressed oops, compressed class ptrs, parallel gc, windows-amd64)
GC Precious Log:
 CardTable entry size: 512
 CPUs: 12 total, 12 available
 Memory: 16055M
 Large Page Support: Disabled
 NUMA Support: Disabled
 Compressed Oops: Enabled (32-bit)
 Alignments: Space 512K, Generation 512K, Heap 2M
 Heap Min Capacity: 100M
 Heap Initial Capacity: 100M
 Heap Max Capacity: 1G
 Pre-touch: Disabled
 Parallel Workers: 10
Heap:
 PSYoungGen      total 5632K, used 5412K [0x00000000eab00000, 0x00000000eb200000, 0x0000000100000000)
  eden space 4096K, 100% used [0x00000000eab00000,0x00000000eaf00000,0x00000000eaf00000)
  from space 1536K, 85% used [0x00000000eaf00000,0x00000000eb049288,0x00000000eb080000)
  to   space 1536K, 70% used [0x00000000eb080000,0x00000000eb18ee40,0x00000000eb200000)
 ParOldGen       total 158720K, used 158719K [0x00000000c0000000, 0x00000000c9b00000, 0x00000000eab00000)
  object space 158720K, 99% used [0x00000000c0000000,0x00000000c9affd60,0x00000000c9b00000)
 Metaspace       used 58524K, committed 59776K, reserved 1114112K
  class space    used 6163K, committed 6720K, reserved 1048576K
GC Heap History (20 events):
Event: 17.453 GC heap before
{Heap before GC invocations=104 (full 2):
 PSYoungGen      total 5120K, used 5026K [0x00000000eab00000, 0x00000000eb100000, 0x0000000100000000)
  eden space 4096K, 99% used [0x00000000eab00000,0x00000000eaefffe0,0x00000000eaf00000)
  from space 1024K, 90% used [0x00000000eaf00000,0x00000000eafe8bd0,0x00000000eb000000)
  to   space 1024K, 0% used [0x00000000eb000000,0x00000000eb000000,0x00000000eb100000)
 ParOldGen       total 148992K, used 148598K [0x00000000c0000000, 0x00000000c9180000, 0x00000000eab00000)
  object space 148992K, 99% used [0x00000000c0000000,0x00000000c911db70,0x00000000c9180000)
 Metaspace       used 58057K, committed 59328K, reserved 1114112K
  class space    used 6097K, committed 6656K, reserved 1048576K
}
Event: 17.455 GC heap after
{Heap after GC invocations=104 (full 2):
 PSYoungGen      total 5120K, used 977K [0x00000000eab00000, 0x00000000eb100000, 0x0000000100000000)
  eden space 4096K, 0% used [0x00000000eab00000,0x00000000eab00000,0x00000000eaf00000)
  from space 1024K, 95% used [0x00000000eb000000,0x00000000eb0f4770,0x00000000eb100000)
  to   space 1024K, 0% used [0x00000000eaf00000,0x00000000eaf00000,0x00000000eb000000)
 ParOldGen       total 149504K, used 149317K [0x00000000c0000000, 0x00000000c9200000, 0x00000000eab00000)
  object space 149504K, 99% used [0x00000000c0000000,0x00000000c91d1650,0x00000000c9200000)
 Metaspace       used 58057K, committed 59328K, reserved 1114112K
  class space    used 6097K, committed 6656K, reserved 1048576K
}
Event: 17.472 GC heap before
{Heap before GC invocations=105 (full 2):
 PSYoungGen      total 5120K, used 5073K [0x00000000eab00000, 0x00000000eb100000, 0x0000000100000000)
  eden space 4096K, 100% used [0x00000000eab00000,0x00000000eaf00000,0x00000000eaf00000)
  from space 1024K, 95% used [0x00000000eb000000,0x00000000eb0f4770,0x00000000eb100000)
  to   space 1024K, 0% used [0x00000000eaf00000,0x00000000eaf00000,0x00000000eb000000)
 ParOldGen       total 149504K, used 149317K [0x00000000c0000000, 0x00000000c9200000, 0x00000000eab00000)
  object space 149504K, 99% used [0x00000000c0000000,0x00000000c91d1650,0x00000000c9200000)
 Metaspace       used 58134K, committed 59392K, reserved 1114112K
  class space    used 6109K, committed 6656K, reserved 1048576K
}
Event: 17.475 GC heap after
{Heap after GC invocations=105 (full 2):
 PSYoungGen      total 5120K, used 995K [0x00000000eab00000, 0x00000000eb300000, 0x0000000100000000)
  eden space 4096K, 0% used [0x00000000eab00000,0x00000000eab00000,0x00000000eaf00000)
  from space 1024K, 97% used [0x00000000eaf00000,0x00000000eaff8f38,0x00000000eb000000)
  to   space 2048K, 0% used [0x00000000eb100000,0x00000000eb100000,0x00000000eb300000)
 ParOldGen       total 150528K, used 150169K [0x00000000c0000000, 0x00000000c9300000, 0x00000000eab00000)
  object space 150528K, 99% used [0x00000000c0000000,0x00000000c92a6430,0x00000000c9300000)
 Metaspace       used 58134K, committed 59392K, reserved 1114112K
  class space    used 6109K, committed 6656K, reserved 1048576K
}
Event: 17.491 GC heap before
{Heap before GC invocations=106 (full 2):
 PSYoungGen      total 5120K, used 5091K [0x00000000eab00000, 0x00000000eb300000, 0x0000000100000000)
  eden space 4096K, 100% used [0x00000000eab00000,0x00000000eaf00000,0x00000000eaf00000)
  from space 1024K, 97% used [0x00000000eaf00000,0x00000000eaff8f38,0x00000000eb000000)
  to   space 2048K, 0% used [0x00000000eb100000,0x00000000eb100000,0x00000000eb300000)
 ParOldGen       total 150528K, used 150169K [0x00000000c0000000, 0x00000000c9300000, 0x00000000eab00000)
  object space 150528K, 99% used [0x00000000c0000000,0x00000000c92a6430,0x00000000c9300000)
 Metaspace       used 58206K, committed 59456K, reserved 1114112K
  class space    used 6118K, committed 6656K, reserved 1048576K
}
Event: 17.493 GC heap after
{Heap after GC invocations=106 (full 2):
 PSYoungGen      total 5632K, used 1076K [0x00000000eab00000, 0x00000000eb280000, 0x0000000100000000)
  eden space 4096K, 0% used [0x00000000eab00000,0x00000000eab00000,0x00000000eaf00000)
  from space 1536K, 70% used [0x00000000eb100000,0x00000000eb20d278,0x00000000eb280000)
  to   space 1536K, 0% used [0x00000000eaf80000,0x00000000eaf80000,0x00000000eb100000)
 ParOldGen       total 151040K, used 150987K [0x00000000c0000000, 0x00000000c9380000, 0x00000000eab00000)
  object space 151040K, 99% used [0x00000000c0000000,0x00000000c9372ec0,0x00000000c9380000)
 Metaspace       used 58206K, committed 59456K, reserved 1114112K
  class space    used 6118K, committed 6656K, reserved 1048576K
}
Event: 17.519 GC heap before
{Heap before GC invocations=107 (full 2):
 PSYoungGen      total 5632K, used 5172K [0x00000000eab00000, 0x00000000eb280000, 0x0000000100000000)
  eden space 4096K, 100% used [0x00000000eab00000,0x00000000eaf00000,0x00000000eaf00000)
  from space 1536K, 70% used [0x00000000eb100000,0x00000000eb20d278,0x00000000eb280000)
  to   space 1536K, 0% used [0x00000000eaf80000,0x00000000eaf80000,0x00000000eb100000)
 ParOldGen       total 151040K, used 150987K [0x00000000c0000000, 0x00000000c9380000, 0x00000000eab00000)
  object space 151040K, 99% used [0x00000000c0000000,0x00000000c9372ec0,0x00000000c9380000)
 Metaspace       used 58298K, committed 59584K, reserved 1114112K
  class space    used 6129K, committed 6720K, reserved 1048576K
}
Event: 17.521 GC heap after
{Heap after GC invocations=107 (full 2):
 PSYoungGen      total 5120K, used 973K [0x00000000eab00000, 0x00000000eb200000, 0x0000000100000000)
  eden space 4096K, 0% used [0x00000000eab00000,0x00000000eab00000,0x00000000eaf00000)
  from space 1024K, 95% used [0x00000000eaf80000,0x00000000eb073570,0x00000000eb080000)
  to   space 1536K, 0% used [0x00000000eb080000,0x00000000eb080000,0x00000000eb200000)
 ParOldGen       total 152064K, used 151836K [0x00000000c0000000, 0x00000000c9480000, 0x00000000eab00000)
  object space 152064K, 99% used [0x00000000c0000000,0x00000000c9447130,0x00000000c9480000)
 Metaspace       used 58298K, committed 59584K, reserved 1114112K
  class space    used 6129K, committed 6720K, reserved 1048576K
}
Event: 17.544 GC heap before
{Heap before GC invocations=108 (full 2):
 PSYoungGen      total 5120K, used 5069K [0x00000000eab00000, 0x00000000eb200000, 0x0000000100000000)
  eden space 4096K, 100% used [0x00000000eab00000,0x00000000eaf00000,0x00000000eaf00000)
  from space 1024K, 95% used [0x00000000eaf80000,0x00000000eb073570,0x00000000eb080000)
  to   space 1536K, 0% used [0x00000000eb080000,0x00000000eb080000,0x00000000eb200000)
 ParOldGen       total 152064K, used 151836K [0x00000000c0000000, 0x00000000c9480000, 0x00000000eab00000)
  object space 152064K, 99% used [0x00000000c0000000,0x00000000c9447130,0x00000000c9480000)
 Metaspace       used 58331K, committed 59648K, reserved 1114112K
  class space    used 6135K, committed 6720K, reserved 1048576K
}
Event: 17.546 GC heap after
{Heap after GC invocations=108 (full 2):
 PSYoungGen      total 5120K, used 1010K [0x00000000eab00000, 0x00000000eb180000, 0x0000000100000000)
  eden space 4096K, 0% used [0x00000000eab00000,0x00000000eab00000,0x00000000eaf00000)
  from space 1024K, 98% used [0x00000000eb080000,0x00000000eb17c818,0x00000000eb180000)
  to   space 1024K, 0% used [0x00000000eaf80000,0x00000000eaf80000,0x00000000eb080000)
 ParOldGen       total 153088K, used 152652K [0x00000000c0000000, 0x00000000c9580000, 0x00000000eab00000)
  object space 153088K, 99% used [0x00000000c0000000,0x00000000c95130b8,0x00000000c9580000)
 Metaspace       used 58331K, committed 59648K, reserved 1114112K
  class space    used 6135K, committed 6720K, reserved 1048576K
}
Event: 17.571 GC heap before
{Heap before GC invocations=109 (full 2):
 PSYoungGen      total 5120K, used 5106K [0x00000000eab00000, 0x00000000eb180000, 0x0000000100000000)
  eden space 4096K, 99% used [0x00000000eab00000,0x00000000eaeffff0,0x00000000eaf00000)
  from space 1024K, 98% used [0x00000000eb080000,0x00000000eb17c818,0x00000000eb180000)
  to   space 1024K, 0% used [0x00000000eaf80000,0x00000000eaf80000,0x00000000eb080000)
 ParOldGen       total 153088K, used 152652K [0x00000000c0000000, 0x00000000c9580000, 0x00000000eab00000)
  object space 153088K, 99% used [0x00000000c0000000,0x00000000c95130b8,0x00000000c9580000)
 Metaspace       used 58413K, committed 59712K, reserved 1114112K
  class space    used 6146K, committed 6720K, reserved 1048576K
}
Event: 17.573 GC heap after
{Heap after GC invocations=109 (full 2):
 PSYoungGen      total 5120K, used 1024K [0x00000000eab00000, 0x00000000eb200000, 0x0000000100000000)
  eden space 4096K, 0% used [0x00000000eab00000,0x00000000eab00000,0x00000000eaf00000)
  from space 1024K, 100% used [0x00000000eaf80000,0x00000000eb080000,0x00000000eb080000)
  to   space 1536K, 0% used [0x00000000eb080000,0x00000000eb080000,0x00000000eb200000)
 ParOldGen       total 153600K, used 153507K [0x00000000c0000000, 0x00000000c9600000, 0x00000000eab00000)
  object space 153600K, 99% used [0x00000000c0000000,0x00000000c95e8e58,0x00000000c9600000)
 Metaspace       used 58413K, committed 59712K, reserved 1114112K
  class space    used 6146K, committed 6720K, reserved 1048576K
}
Event: 17.598 GC heap before
{Heap before GC invocations=110 (full 2):
 PSYoungGen      total 5120K, used 5120K [0x00000000eab00000, 0x00000000eb200000, 0x0000000100000000)
  eden space 4096K, 100% used [0x00000000eab00000,0x00000000eaf00000,0x00000000eaf00000)
  from space 1024K, 100% used [0x00000000eaf80000,0x00000000eb080000,0x00000000eb080000)
  to   space 1536K, 0% used [0x00000000eb080000,0x00000000eb080000,0x00000000eb200000)
 ParOldGen       total 153600K, used 153507K [0x00000000c0000000, 0x00000000c9600000, 0x00000000eab00000)
  object space 153600K, 99% used [0x00000000c0000000,0x00000000c95e8e58,0x00000000c9600000)
 Metaspace       used 58489K, committed 59776K, reserved 1114112K
  class space    used 6158K, committed 6720K, reserved 1048576K
}
Event: 17.600 GC heap after
{Heap after GC invocations=110 (full 2):
 PSYoungGen      total 5120K, used 993K [0x00000000eab00000, 0x00000000eb180000, 0x0000000100000000)
  eden space 4096K, 0% used [0x00000000eab00000,0x00000000eab00000,0x00000000eaf00000)
  from space 1024K, 97% used [0x00000000eb080000,0x00000000eb1787b8,0x00000000eb180000)
  to   space 1024K, 0% used [0x00000000eaf80000,0x00000000eaf80000,0x00000000eb080000)
 ParOldGen       total 154624K, used 154353K [0x00000000c0000000, 0x00000000c9700000, 0x00000000eab00000)
  object space 154624K, 99% used [0x00000000c0000000,0x00000000c96bc728,0x00000000c9700000)
 Metaspace       used 58489K, committed 59776K, reserved 1114112K
  class space    used 6158K, committed 6720K, reserved 1048576K
}
Event: 17.624 GC heap before
{Heap before GC invocations=111 (full 2):
 PSYoungGen      total 5120K, used 5089K [0x00000000eab00000, 0x00000000eb180000, 0x0000000100000000)
  eden space 4096K, 100% used [0x00000000eab00000,0x00000000eaf00000,0x00000000eaf00000)
  from space 1024K, 97% used [0x00000000eb080000,0x00000000eb1787b8,0x00000000eb180000)
  to   space 1024K, 0% used [0x00000000eaf80000,0x00000000eaf80000,0x00000000eb080000)
 ParOldGen       total 154624K, used 154353K [0x00000000c0000000, 0x00000000c9700000, 0x00000000eab00000)
  object space 154624K, 99% used [0x00000000c0000000,0x00000000c96bc728,0x00000000c9700000)
 Metaspace       used 58513K, committed 59776K, reserved 1114112K
  class space    used 6162K, committed 6720K, reserved 1048576K
}
Event: 17.627 GC heap after
{Heap after GC invocations=111 (full 2):
 PSYoungGen      total 5120K, used 1024K [0x00000000eab00000, 0x00000000eb200000, 0x0000000100000000)
  eden space 4096K, 0% used [0x00000000eab00000,0x00000000eab00000,0x00000000eaf00000)
  from space 1024K, 100% used [0x00000000eaf80000,0x00000000eb080000,0x00000000eb080000)
  to   space 1536K, 0% used [0x00000000eb080000,0x00000000eb080000,0x00000000eb200000)
 ParOldGen       total 155648K, used 155237K [0x00000000c0000000, 0x00000000c9800000, 0x00000000eab00000)
  object space 155648K, 99% used [0x00000000c0000000,0x00000000c9799458,0x00000000c9800000)
 Metaspace       used 58513K, committed 59776K, reserved 1114112K
  class space    used 6162K, committed 6720K, reserved 1048576K
}
Event: 17.658 GC heap before
{Heap before GC invocations=112 (full 2):
 PSYoungGen      total 5120K, used 5120K [0x00000000eab00000, 0x00000000eb200000, 0x0000000100000000)
  eden space 4096K, 100% used [0x00000000eab00000,0x00000000eaf00000,0x00000000eaf00000)
  from space 1024K, 100% used [0x00000000eaf80000,0x00000000eb080000,0x00000000eb080000)
  to   space 1536K, 0% used [0x00000000eb080000,0x00000000eb080000,0x00000000eb200000)
 ParOldGen       total 155648K, used 155237K [0x00000000c0000000, 0x00000000c9800000, 0x00000000eab00000)
  object space 155648K, 99% used [0x00000000c0000000,0x00000000c9799458,0x00000000c9800000)
 Metaspace       used 58524K, committed 59776K, reserved 1114112K
  class space    used 6163K, committed 6720K, reserved 1048576K
}
Event: 17.661 GC heap after
{Heap after GC invocations=112 (full 2):
 PSYoungGen      total 5632K, used 1271K [0x00000000eab00000, 0x00000000eb200000, 0x0000000100000000)
  eden space 4096K, 0% used [0x00000000eab00000,0x00000000eab00000,0x00000000eaf00000)
  from space 1536K, 82% used [0x00000000eb080000,0x00000000eb1bddc8,0x00000000eb200000)
  to   space 1536K, 0% used [0x00000000eaf00000,0x00000000eaf00000,0x00000000eb080000)
 ParOldGen       total 156160K, used 156105K [0x00000000c0000000, 0x00000000c9880000, 0x00000000eab00000)
  object space 156160K, 99% used [0x00000000c0000000,0x00000000c9872440,0x00000000c9880000)
 Metaspace       used 58524K, committed 59776K, reserved 1114112K
  class space    used 6163K, committed 6720K, reserved 1048576K
}
Event: 17.701 GC heap before
{Heap before GC invocations=113 (full 2):
 PSYoungGen      total 5632K, used 5367K [0x00000000eab00000, 0x00000000eb200000, 0x0000000100000000)
  eden space 4096K, 99% used [0x00000000eab00000,0x00000000eaefffb8,0x00000000eaf00000)
  from space 1536K, 82% used [0x00000000eb080000,0x00000000eb1bddc8,0x00000000eb200000)
  to   space 1536K, 0% used [0x00000000eaf00000,0x00000000eaf00000,0x00000000eb080000)
 ParOldGen       total 156160K, used 156105K [0x00000000c0000000, 0x00000000c9880000, 0x00000000eab00000)
  object space 156160K, 99% used [0x00000000c0000000,0x00000000c9872440,0x00000000c9880000)
 Metaspace       used 58524K, committed 59776K, reserved 1114112K
  class space    used 6163K, committed 6720K, reserved 1048576K
}
Event: 17.703 GC heap after
{Heap after GC invocations=113 (full 2):
 PSYoungGen      total 5632K, used 1316K [0x00000000eab00000, 0x00000000eb200000, 0x0000000100000000)
  eden space 4096K, 0% used [0x00000000eab00000,0x00000000eab00000,0x00000000eaf00000)
  from space 1536K, 85% used [0x00000000eaf00000,0x00000000eb049288,0x00000000eb080000)
  to   space 1536K, 0% used [0x00000000eb080000,0x00000000eb080000,0x00000000eb200000)
 ParOldGen       total 157696K, used 157222K [0x00000000c0000000, 0x00000000c9a00000, 0x00000000eab00000)
  object space 157696K, 99% used [0x00000000c0000000,0x00000000c9989988,0x00000000c9a00000)
 Metaspace       used 58524K, committed 59776K, reserved 1114112K
  class space    used 6163K, committed 6720K, reserved 1048576K
}

