# JRE version: OpenJDK Runtime Environment Temurin-21.0.5+11 (21.0.5+11) (build 21.0.5+11-LTS)
# Java VM: OpenJDK 64-Bit Server VM Temurin-21.0.5+11 (21.0.5+11-LTS, mixed mode, sharing, tiered, compressed oops, compressed class ptrs, parallel gc, windows-amd64)
GC Precious Log:
 CardTable entry size: 512
 CPUs: 12 total, 12 available
 Memory: 16055M
 Large Page Support: Disabled
 NUMA Support: Disabled
 Compressed Oops: Enabled (32-bit)
 Alignments: Space 512K, Generation 512K, Heap 2M
 Heap Min Capacity: 100M
 Heap Initial Capacity: 100M
 Heap Max Capacity: 1G
 Pre-touch: Disabled
 Parallel Workers: 10
Heap:
 PSYoungGen      total 9728K, used 3139K [0x00000000eab00000, 0x00000000eb800000, 0x0000000100000000)
  eden space 7680K, 16% used [0x00000000eab00000,0x00000000eac33c30,0x00000000eb280000)
  from space 2048K, 93% used [0x00000000eb280000,0x00000000eb45d0e0,0x00000000eb480000)
  to   space 2048K, 0% used [0x00000000eb600000,0x00000000eb600000,0x00000000eb800000)
 ParOldGen       total 107520K, used 107319K [0x00000000c0000000, 0x00000000c6900000, 0x00000000eab00000)
  object space 107520K, 99% used [0x00000000c0000000,0x00000000c68cdcd8,0x00000000c6900000)
 Metaspace       used 54864K, committed 56128K, reserved 1114112K
  class space    used 5711K, committed 6272K, reserved 1048576K
GC Heap History (20 events):
Event: 16.390 GC heap before
{Heap before GC invocations=52 (full 2):
 PSYoungGen      total 11264K, used 11182K [0x00000000eab00000, 0x00000000eb980000, 0x0000000100000000)
  eden space 8704K, 100% used [0x00000000eab00000,0x00000000eb380000,0x00000000eb380000)
  from space 2560K, 96% used [0x00000000eb380000,0x00000000eb5ebbc8,0x00000000eb600000)
  to   space 3072K, 0% used [0x00000000eb680000,0x00000000eb680000,0x00000000eb980000)
 ParOldGen       total 93696K, used 93480K [0x00000000c0000000, 0x00000000c5b80000, 0x00000000eab00000)
  object space 93696K, 99% used [0x00000000c0000000,0x00000000c5b4a3c0,0x00000000c5b80000)
 Metaspace       used 53098K, committed 54336K, reserved 1114112K
  class space    used 5543K, committed 6080K, reserved 1048576K
}
Event: 16.393 GC heap after
{Heap after GC invocations=52 (full 2):
 PSYoungGen      total 9728K, used 992K [0x00000000eab00000, 0x00000000eb780000, 0x0000000100000000)
  eden space 8704K, 0% used [0x00000000eab00000,0x00000000eab00000,0x00000000eb380000)
  from space 1024K, 96% used [0x00000000eb680000,0x00000000eb778198,0x00000000eb780000)
  to   space 2048K, 0% used [0x00000000eb380000,0x00000000eb380000,0x00000000eb580000)
 ParOldGen       total 95232K, used 94976K [0x00000000c0000000, 0x00000000c5d00000, 0x00000000eab00000)
  object space 95232K, 99% used [0x00000000c0000000,0x00000000c5cc0378,0x00000000c5d00000)
 Metaspace       used 53098K, committed 54336K, reserved 1114112K
  class space    used 5543K, committed 6080K, reserved 1048576K
}
Event: 16.449 GC heap before
{Heap before GC invocations=53 (full 2):
 PSYoungGen      total 9728K, used 9696K [0x00000000eab00000, 0x00000000eb780000, 0x0000000100000000)
  eden space 8704K, 100% used [0x00000000eab00000,0x00000000eb380000,0x00000000eb380000)
  from space 1024K, 96% used [0x00000000eb680000,0x00000000eb778198,0x00000000eb780000)
  to   space 2048K, 0% used [0x00000000eb380000,0x00000000eb380000,0x00000000eb580000)
 ParOldGen       total 95232K, used 94976K [0x00000000c0000000, 0x00000000c5d00000, 0x00000000eab00000)
  object space 95232K, 99% used [0x00000000c0000000,0x00000000c5cc0378,0x00000000c5d00000)
 Metaspace       used 53112K, committed 54336K, reserved 1114112K
  class space    used 5543K, committed 6080K, reserved 1048576K
}
Event: 16.451 GC heap after
{Heap after GC invocations=53 (full 2):
 PSYoungGen      total 10752K, used 1511K [0x00000000eab00000, 0x00000000eb780000, 0x0000000100000000)
  eden space 8704K, 0% used [0x00000000eab00000,0x00000000eab00000,0x00000000eb380000)
  from space 2048K, 73% used [0x00000000eb380000,0x00000000eb4f9cf0,0x00000000eb580000)
  to   space 2048K, 0% used [0x00000000eb580000,0x00000000eb580000,0x00000000eb780000)
 ParOldGen       total 95744K, used 95617K [0x00000000c0000000, 0x00000000c5d80000, 0x00000000eab00000)
  object space 95744K, 99% used [0x00000000c0000000,0x00000000c5d605f0,0x00000000c5d80000)
 Metaspace       used 53112K, committed 54336K, reserved 1114112K
  class space    used 5543K, committed 6080K, reserved 1048576K
}
Event: 16.514 GC heap before
{Heap before GC invocations=54 (full 2):
 PSYoungGen      total 10752K, used 10215K [0x00000000eab00000, 0x00000000eb780000, 0x0000000100000000)
  eden space 8704K, 100% used [0x00000000eab00000,0x00000000eb380000,0x00000000eb380000)
  from space 2048K, 73% used [0x00000000eb380000,0x00000000eb4f9cf0,0x00000000eb580000)
  to   space 2048K, 0% used [0x00000000eb580000,0x00000000eb580000,0x00000000eb780000)
 ParOldGen       total 95744K, used 95617K [0x00000000c0000000, 0x00000000c5d80000, 0x00000000eab00000)
  object space 95744K, 99% used [0x00000000c0000000,0x00000000c5d605f0,0x00000000c5d80000)
 Metaspace       used 53121K, committed 54336K, reserved 1114112K
  class space    used 5543K, committed 6080K, reserved 1048576K
}
Event: 16.517 GC heap after
{Heap after GC invocations=54 (full 2):
 PSYoungGen      total 10240K, used 2043K [0x00000000eab00000, 0x00000000eb880000, 0x0000000100000000)
  eden space 8192K, 0% used [0x00000000eab00000,0x00000000eab00000,0x00000000eb300000)
  from space 2048K, 99% used [0x00000000eb580000,0x00000000eb77ef98,0x00000000eb780000)
  to   space 2560K, 0% used [0x00000000eb300000,0x00000000eb300000,0x00000000eb580000)
 ParOldGen       total 96768K, used 96338K [0x00000000c0000000, 0x00000000c5e80000, 0x00000000eab00000)
  object space 96768K, 99% used [0x00000000c0000000,0x00000000c5e14888,0x00000000c5e80000)
 Metaspace       used 53121K, committed 54336K, reserved 1114112K
  class space    used 5543K, committed 6080K, reserved 1048576K
}
Event: 16.551 GC heap before
{Heap before GC invocations=55 (full 2):
 PSYoungGen      total 10240K, used 10235K [0x00000000eab00000, 0x00000000eb880000, 0x0000000100000000)
  eden space 8192K, 100% used [0x00000000eab00000,0x00000000eb300000,0x00000000eb300000)
  from space 2048K, 99% used [0x00000000eb580000,0x00000000eb77ef98,0x00000000eb780000)
  to   space 2560K, 0% used [0x00000000eb300000,0x00000000eb300000,0x00000000eb580000)
 ParOldGen       total 96768K, used 96338K [0x00000000c0000000, 0x00000000c5e80000, 0x00000000eab00000)
  object space 96768K, 99% used [0x00000000c0000000,0x00000000c5e14888,0x00000000c5e80000)
 Metaspace       used 53122K, committed 54336K, reserved 1114112K
  class space    used 5543K, committed 6080K, reserved 1048576K
}
Event: 16.555 GC heap after
{Heap after GC invocations=55 (full 2):
 PSYoungGen      total 10240K, used 1686K [0x00000000eab00000, 0x00000000eb700000, 0x0000000100000000)
  eden space 8192K, 0% used [0x00000000eab00000,0x00000000eab00000,0x00000000eb300000)
  from space 2048K, 82% used [0x00000000eb300000,0x00000000eb4a5a20,0x00000000eb500000)
  to   space 2048K, 0% used [0x00000000eb500000,0x00000000eb500000,0x00000000eb700000)
 ParOldGen       total 97792K, used 97511K [0x00000000c0000000, 0x00000000c5f80000, 0x00000000eab00000)
  object space 97792K, 99% used [0x00000000c0000000,0x00000000c5f39f50,0x00000000c5f80000)
 Metaspace       used 53122K, committed 54336K, reserved 1114112K
  class space    used 5543K, committed 6080K, reserved 1048576K
}
Event: 16.582 GC heap before
{Heap before GC invocations=56 (full 2):
 PSYoungGen      total 10240K, used 9878K [0x00000000eab00000, 0x00000000eb700000, 0x0000000100000000)
  eden space 8192K, 100% used [0x00000000eab00000,0x00000000eb300000,0x00000000eb300000)
  from space 2048K, 82% used [0x00000000eb300000,0x00000000eb4a5a20,0x00000000eb500000)
  to   space 2048K, 0% used [0x00000000eb500000,0x00000000eb500000,0x00000000eb700000)
 ParOldGen       total 97792K, used 97511K [0x00000000c0000000, 0x00000000c5f80000, 0x00000000eab00000)
  object space 97792K, 99% used [0x00000000c0000000,0x00000000c5f39f50,0x00000000c5f80000)
 Metaspace       used 53123K, committed 54336K, reserved 1114112K
  class space    used 5543K, committed 6080K, reserved 1048576K
}
Event: 16.585 GC heap after
{Heap after GC invocations=56 (full 2):
 PSYoungGen      total 9728K, used 1365K [0x00000000eab00000, 0x00000000eb680000, 0x0000000100000000)
  eden space 8192K, 0% used [0x00000000eab00000,0x00000000eab00000,0x00000000eb300000)
  from space 1536K, 88% used [0x00000000eb500000,0x00000000eb6557c0,0x00000000eb680000)
  to   space 1536K, 0% used [0x00000000eb380000,0x00000000eb380000,0x00000000eb500000)
 ParOldGen       total 98304K, used 98183K [0x00000000c0000000, 0x00000000c6000000, 0x00000000eab00000)
  object space 98304K, 99% used [0x00000000c0000000,0x00000000c5fe1ff8,0x00000000c6000000)
 Metaspace       used 53123K, committed 54336K, reserved 1114112K
  class space    used 5543K, committed 6080K, reserved 1048576K
}
Event: 16.642 GC heap before
{Heap before GC invocations=57 (full 2):
 PSYoungGen      total 9728K, used 9557K [0x00000000eab00000, 0x00000000eb680000, 0x0000000100000000)
  eden space 8192K, 100% used [0x00000000eab00000,0x00000000eb300000,0x00000000eb300000)
  from space 1536K, 88% used [0x00000000eb500000,0x00000000eb6557c0,0x00000000eb680000)
  to   space 1536K, 0% used [0x00000000eb380000,0x00000000eb380000,0x00000000eb500000)
 ParOldGen       total 98304K, used 98183K [0x00000000c0000000, 0x00000000c6000000, 0x00000000eab00000)
  object space 98304K, 99% used [0x00000000c0000000,0x00000000c5fe1ff8,0x00000000c6000000)
 Metaspace       used 53450K, committed 54720K, reserved 1114112K
  class space    used 5567K, committed 6144K, reserved 1048576K
}
Event: 16.644 GC heap after
{Heap after GC invocations=57 (full 2):
 PSYoungGen      total 9728K, used 1072K [0x00000000eab00000, 0x00000000eb600000, 0x0000000100000000)
  eden space 8192K, 0% used [0x00000000eab00000,0x00000000eab00000,0x00000000eb300000)
  from space 1536K, 69% used [0x00000000eb380000,0x00000000eb48c3e0,0x00000000eb500000)
  to   space 1024K, 0% used [0x00000000eb500000,0x00000000eb500000,0x00000000eb600000)
 ParOldGen       total 98816K, used 98625K [0x00000000c0000000, 0x00000000c6080000, 0x00000000eab00000)
  object space 98816K, 99% used [0x00000000c0000000,0x00000000c6050528,0x00000000c6080000)
 Metaspace       used 53450K, committed 54720K, reserved 1114112K
  class space    used 5567K, committed 6144K, reserved 1048576K
}
Event: 16.711 GC heap before
{Heap before GC invocations=58 (full 2):
 PSYoungGen      total 9728K, used 9264K [0x00000000eab00000, 0x00000000eb600000, 0x0000000100000000)
  eden space 8192K, 100% used [0x00000000eab00000,0x00000000eb300000,0x00000000eb300000)
  from space 1536K, 69% used [0x00000000eb380000,0x00000000eb48c3e0,0x00000000eb500000)
  to   space 1024K, 0% used [0x00000000eb500000,0x00000000eb500000,0x00000000eb600000)
 ParOldGen       total 98816K, used 98625K [0x00000000c0000000, 0x00000000c6080000, 0x00000000eab00000)
  object space 98816K, 99% used [0x00000000c0000000,0x00000000c6050528,0x00000000c6080000)
 Metaspace       used 53977K, committed 55232K, reserved 1114112K
  class space    used 5626K, committed 6208K, reserved 1048576K
}
Event: 16.715 GC heap after
{Heap after GC invocations=58 (full 2):
 PSYoungGen      total 8704K, used 1015K [0x00000000eab00000, 0x00000000eb800000, 0x0000000100000000)
  eden space 7680K, 0% used [0x00000000eab00000,0x00000000eab00000,0x00000000eb280000)
  from space 1024K, 99% used [0x00000000eb500000,0x00000000eb5fdfd8,0x00000000eb600000)
  to   space 2560K, 0% used [0x00000000eb280000,0x00000000eb280000,0x00000000eb500000)
 ParOldGen       total 99840K, used 99737K [0x00000000c0000000, 0x00000000c6180000, 0x00000000eab00000)
  object space 99840K, 99% used [0x00000000c0000000,0x00000000c6166680,0x00000000c6180000)
 Metaspace       used 53977K, committed 55232K, reserved 1114112K
  class space    used 5626K, committed 6208K, reserved 1048576K
}
Event: 16.792 GC heap before
{Heap before GC invocations=59 (full 2):
 PSYoungGen      total 8704K, used 8695K [0x00000000eab00000, 0x00000000eb800000, 0x0000000100000000)
  eden space 7680K, 100% used [0x00000000eab00000,0x00000000eb280000,0x00000000eb280000)
  from space 1024K, 99% used [0x00000000eb500000,0x00000000eb5fdfd8,0x00000000eb600000)
  to   space 2560K, 0% used [0x00000000eb280000,0x00000000eb280000,0x00000000eb500000)
 ParOldGen       total 99840K, used 99737K [0x00000000c0000000, 0x00000000c6180000, 0x00000000eab00000)
  object space 99840K, 99% used [0x00000000c0000000,0x00000000c6166680,0x00000000c6180000)
 Metaspace       used 54236K, committed 55488K, reserved 1114112K
  class space    used 5643K, committed 6208K, reserved 1048576K
}
Event: 16.794 GC heap after
{Heap after GC invocations=59 (full 2):
 PSYoungGen      total 9728K, used 1759K [0x00000000eab00000, 0x00000000eb680000, 0x0000000100000000)
  eden space 7680K, 0% used [0x00000000eab00000,0x00000000eab00000,0x00000000eb280000)
  from space 2048K, 85% used [0x00000000eb280000,0x00000000eb437fe8,0x00000000eb480000)
  to   space 2048K, 0% used [0x00000000eb480000,0x00000000eb480000,0x00000000eb680000)
 ParOldGen       total 100864K, used 100664K [0x00000000c0000000, 0x00000000c6280000, 0x00000000eab00000)
  object space 100864K, 99% used [0x00000000c0000000,0x00000000c624e018,0x00000000c6280000)
 Metaspace       used 54236K, committed 55488K, reserved 1114112K
  class space    used 5643K, committed 6208K, reserved 1048576K
}
Event: 16.969 GC heap before
{Heap before GC invocations=60 (full 2):
 PSYoungGen      total 9728K, used 9439K [0x00000000eab00000, 0x00000000eb680000, 0x0000000100000000)
  eden space 7680K, 100% used [0x00000000eab00000,0x00000000eb280000,0x00000000eb280000)
  from space 2048K, 85% used [0x00000000eb280000,0x00000000eb437fe8,0x00000000eb480000)
  to   space 2048K, 0% used [0x00000000eb480000,0x00000000eb480000,0x00000000eb680000)
 ParOldGen       total 100864K, used 100664K [0x00000000c0000000, 0x00000000c6280000, 0x00000000eab00000)
  object space 100864K, 99% used [0x00000000c0000000,0x00000000c624e018,0x00000000c6280000)
 Metaspace       used 54462K, committed 55680K, reserved 1114112K
  class space    used 5668K, committed 6208K, reserved 1048576K
}
Event: 16.973 GC heap after
{Heap after GC invocations=60 (full 2):
 PSYoungGen      total 9728K, used 1645K [0x00000000eab00000, 0x00000000eb680000, 0x0000000100000000)
  eden space 7680K, 0% used [0x00000000eab00000,0x00000000eab00000,0x00000000eb280000)
  from space 2048K, 80% used [0x00000000eb480000,0x00000000eb61b628,0x00000000eb680000)
  to   space 2048K, 0% used [0x00000000eb280000,0x00000000eb280000,0x00000000eb480000)
 ParOldGen       total 102400K, used 102246K [0x00000000c0000000, 0x00000000c6400000, 0x00000000eab00000)
  object space 102400K, 99% used [0x00000000c0000000,0x00000000c63d9aa8,0x00000000c6400000)
 Metaspace       used 54462K, committed 55680K, reserved 1114112K
  class space    used 5668K, committed 6208K, reserved 1048576K
}
Event: 17.095 GC heap before
{Heap before GC invocations=61 (full 2):
 PSYoungGen      total 9728K, used 9325K [0x00000000eab00000, 0x00000000eb680000, 0x0000000100000000)
  eden space 7680K, 100% used [0x00000000eab00000,0x00000000eb280000,0x00000000eb280000)
  from space 2048K, 80% used [0x00000000eb480000,0x00000000eb61b628,0x00000000eb680000)
  to   space 2048K, 0% used [0x00000000eb280000,0x00000000eb280000,0x00000000eb480000)
 ParOldGen       total 102400K, used 102246K [0x00000000c0000000, 0x00000000c6400000, 0x00000000eab00000)
  object space 102400K, 99% used [0x00000000c0000000,0x00000000c63d9aa8,0x00000000c6400000)
 Metaspace       used 54664K, committed 55872K, reserved 1114112K
  class space    used 5683K, committed 6208K, reserved 1048576K
}
Event: 17.099 GC heap after
{Heap after GC invocations=61 (full 2):
 PSYoungGen      total 9728K, used 1934K [0x00000000eab00000, 0x00000000eb680000, 0x0000000100000000)
  eden space 7680K, 0% used [0x00000000eab00000,0x00000000eab00000,0x00000000eb280000)
  from space 2048K, 94% used [0x00000000eb280000,0x00000000eb463a28,0x00000000eb480000)
  to   space 2048K, 0% used [0x00000000eb480000,0x00000000eb480000,0x00000000eb680000)
 ParOldGen       total 103936K, used 103744K [0x00000000c0000000, 0x00000000c6580000, 0x00000000eab00000)
  object space 103936K, 99% used [0x00000000c0000000,0x00000000c6550198,0x00000000c6580000)
 Metaspace       used 54664K, committed 55872K, reserved 1114112K
  class space    used 5683K, committed 6208K, reserved 1048576K
}

