# JRE version: OpenJDK Runtime Environment Temurin-21.0.5+11 (21.0.5+11) (build 21.0.5+11-LTS)
# Java VM: OpenJDK 64-Bit Server VM Temurin-21.0.5+11 (21.0.5+11-LTS, mixed mode, sharing, tiered, compressed oops, compressed class ptrs, parallel gc, windows-amd64)
GC Precious Log:
 CardTable entry size: 512
 CPUs: 12 total, 12 available
 Memory: 16055M
 Large Page Support: Disabled
 NUMA Support: Disabled
 Compressed Oops: Enabled (32-bit)
 Alignments: Space 512K, Generation 512K, Heap 2M
 Heap Min Capacity: 100M
 Heap Initial Capacity: 100M
 Heap Max Capacity: 1G
 Pre-touch: Disabled
 Parallel Workers: 10
Heap:
 PSYoungGen      total 20992K, used 19799K [0x00000000eab00000, 0x00000000ec500000, 0x0000000100000000)
  eden space 16384K, 99% used [0x00000000eab00000,0x00000000ebafff70,0x00000000ebb00000)
  from space 4608K, 74% used [0x00000000ebb00000,0x00000000ebe55cf0,0x00000000ebf80000)
  to   space 3584K, 7% used [0x00000000ec180000,0x00000000ec1c0000,0x00000000ec500000)
 ParOldGen       total 82944K, used 82937K [0x00000000c0000000, 0x00000000c5100000, 0x00000000eab00000)
  object space 82944K, 99% used [0x00000000c0000000,0x00000000c50fe5b0,0x00000000c5100000)
 Metaspace       used 51354K, committed 52608K, reserved 1114112K
  class space    used 5415K, committed 5952K, reserved 1048576K
GC Heap History (20 events):
Event: 17.924 GC heap after
{Heap after GC invocations=31 (full 2):
 PSYoungGen      total 21504K, used 3568K [0x00000000eab00000, 0x00000000ec980000, 0x0000000100000000)
  eden space 17920K, 0% used [0x00000000eab00000,0x00000000eab00000,0x00000000ebc80000)
  from space 3584K, 99% used [0x00000000ebd80000,0x00000000ec0fc240,0x00000000ec100000)
  to   space 6656K, 0% used [0x00000000ec300000,0x00000000ec300000,0x00000000ec980000)
 ParOldGen       total 68608K, used 52023K [0x00000000c0000000, 0x00000000c4300000, 0x00000000eab00000)
  object space 68608K, 75% used [0x00000000c0000000,0x00000000c32cde10,0x00000000c4300000)
 Metaspace       used 48783K, committed 49984K, reserved 1114112K
  class space    used 5124K, committed 5632K, reserved 1048576K
}
Event: 18.051 GC heap before
{Heap before GC invocations=32 (full 2):
 PSYoungGen      total 21504K, used 21488K [0x00000000eab00000, 0x00000000ec980000, 0x0000000100000000)
  eden space 17920K, 100% used [0x00000000eab00000,0x00000000ebc80000,0x00000000ebc80000)
  from space 3584K, 99% used [0x00000000ebd80000,0x00000000ec0fc240,0x00000000ec100000)
  to   space 6656K, 0% used [0x00000000ec300000,0x00000000ec300000,0x00000000ec980000)
 ParOldGen       total 68608K, used 52023K [0x00000000c0000000, 0x00000000c4300000, 0x00000000eab00000)
  object space 68608K, 75% used [0x00000000c0000000,0x00000000c32cde10,0x00000000c4300000)
 Metaspace       used 49644K, committed 50880K, reserved 1114112K
  class space    used 5206K, committed 5760K, reserved 1048576K
}
Event: 18.056 GC heap after
{Heap after GC invocations=32 (full 2):
 PSYoungGen      total 21504K, used 3227K [0x00000000eab00000, 0x00000000ec680000, 0x0000000100000000)
  eden space 17920K, 0% used [0x00000000eab00000,0x00000000eab00000,0x00000000ebc80000)
  from space 3584K, 90% used [0x00000000ec300000,0x00000000ec626c48,0x00000000ec680000)
  to   space 4608K, 0% used [0x00000000ebd80000,0x00000000ebd80000,0x00000000ec200000)
 ParOldGen       total 68608K, used 55469K [0x00000000c0000000, 0x00000000c4300000, 0x00000000eab00000)
  object space 68608K, 80% used [0x00000000c0000000,0x00000000c362b550,0x00000000c4300000)
 Metaspace       used 49644K, committed 50880K, reserved 1114112K
  class space    used 5206K, committed 5760K, reserved 1048576K
}
Event: 18.216 GC heap before
{Heap before GC invocations=33 (full 2):
 PSYoungGen      total 21504K, used 21147K [0x00000000eab00000, 0x00000000ec680000, 0x0000000100000000)
  eden space 17920K, 100% used [0x00000000eab00000,0x00000000ebc80000,0x00000000ebc80000)
  from space 3584K, 90% used [0x00000000ec300000,0x00000000ec626c48,0x00000000ec680000)
  to   space 4608K, 0% used [0x00000000ebd80000,0x00000000ebd80000,0x00000000ec200000)
 ParOldGen       total 68608K, used 55469K [0x00000000c0000000, 0x00000000c4300000, 0x00000000eab00000)
  object space 68608K, 80% used [0x00000000c0000000,0x00000000c362b550,0x00000000c4300000)
 Metaspace       used 49927K, committed 51136K, reserved 1114112K
  class space    used 5240K, committed 5760K, reserved 1048576K
}
Event: 18.220 GC heap after
{Heap after GC invocations=33 (full 2):
 PSYoungGen      total 22016K, used 3645K [0x00000000eab00000, 0x00000000ec480000, 0x0000000100000000)
  eden space 17920K, 0% used [0x00000000eab00000,0x00000000eab00000,0x00000000ebc80000)
  from space 4096K, 89% used [0x00000000ebd80000,0x00000000ec10f7f0,0x00000000ec180000)
  to   space 3072K, 0% used [0x00000000ec180000,0x00000000ec180000,0x00000000ec480000)
 ParOldGen       total 68608K, used 58273K [0x00000000c0000000, 0x00000000c4300000, 0x00000000eab00000)
  object space 68608K, 84% used [0x00000000c0000000,0x00000000c38e8720,0x00000000c4300000)
 Metaspace       used 49927K, committed 51136K, reserved 1114112K
  class space    used 5240K, committed 5760K, reserved 1048576K
}
Event: 18.552 GC heap before
{Heap before GC invocations=34 (full 2):
 PSYoungGen      total 22016K, used 21565K [0x00000000eab00000, 0x00000000ec480000, 0x0000000100000000)
  eden space 17920K, 100% used [0x00000000eab00000,0x00000000ebc80000,0x00000000ebc80000)
  from space 4096K, 89% used [0x00000000ebd80000,0x00000000ec10f7f0,0x00000000ec180000)
  to   space 3072K, 0% used [0x00000000ec180000,0x00000000ec180000,0x00000000ec480000)
 ParOldGen       total 68608K, used 58273K [0x00000000c0000000, 0x00000000c4300000, 0x00000000eab00000)
  object space 68608K, 84% used [0x00000000c0000000,0x00000000c38e8720,0x00000000c4300000)
 Metaspace       used 50282K, committed 51456K, reserved 1114112K
  class space    used 5275K, committed 5760K, reserved 1048576K
}
Event: 18.559 GC heap after
{Heap after GC invocations=34 (full 2):
 PSYoungGen      total 18432K, used 3040K [0x00000000eab00000, 0x00000000ecb80000, 0x0000000100000000)
  eden space 15360K, 0% used [0x00000000eab00000,0x00000000eab00000,0x00000000eba00000)
  from space 3072K, 98% used [0x00000000ec180000,0x00000000ec478280,0x00000000ec480000)
  to   space 7680K, 0% used [0x00000000eba00000,0x00000000eba00000,0x00000000ec180000)
 ParOldGen       total 68608K, used 62259K [0x00000000c0000000, 0x00000000c4300000, 0x00000000eab00000)
  object space 68608K, 90% used [0x00000000c0000000,0x00000000c3cccf48,0x00000000c4300000)
 Metaspace       used 50282K, committed 51456K, reserved 1114112K
  class space    used 5275K, committed 5760K, reserved 1048576K
}
Event: 18.757 GC heap before
{Heap before GC invocations=35 (full 2):
 PSYoungGen      total 18432K, used 18400K [0x00000000eab00000, 0x00000000ecb80000, 0x0000000100000000)
  eden space 15360K, 100% used [0x00000000eab00000,0x00000000eba00000,0x00000000eba00000)
  from space 3072K, 98% used [0x00000000ec180000,0x00000000ec478280,0x00000000ec480000)
  to   space 7680K, 0% used [0x00000000eba00000,0x00000000eba00000,0x00000000ec180000)
 ParOldGen       total 68608K, used 62259K [0x00000000c0000000, 0x00000000c4300000, 0x00000000eab00000)
  object space 68608K, 90% used [0x00000000c0000000,0x00000000c3cccf48,0x00000000c4300000)
 Metaspace       used 50502K, committed 51712K, reserved 1114112K
  class space    used 5313K, committed 5824K, reserved 1048576K
}
Event: 18.763 GC heap after
{Heap after GC invocations=35 (full 2):
 PSYoungGen      total 18432K, used 3070K [0x00000000eab00000, 0x00000000ec300000, 0x0000000100000000)
  eden space 15360K, 0% used [0x00000000eab00000,0x00000000eab00000,0x00000000eba00000)
  from space 3072K, 99% used [0x00000000eba00000,0x00000000ebcff8b8,0x00000000ebd00000)
  to   space 4608K, 0% used [0x00000000ebe80000,0x00000000ebe80000,0x00000000ec300000)
 ParOldGen       total 68608K, used 65273K [0x00000000c0000000, 0x00000000c4300000, 0x00000000eab00000)
  object space 68608K, 95% used [0x00000000c0000000,0x00000000c3fbe730,0x00000000c4300000)
 Metaspace       used 50502K, committed 51712K, reserved 1114112K
  class space    used 5313K, committed 5824K, reserved 1048576K
}
Event: 18.968 GC heap before
{Heap before GC invocations=36 (full 2):
 PSYoungGen      total 18432K, used 18430K [0x00000000eab00000, 0x00000000ec300000, 0x0000000100000000)
  eden space 15360K, 100% used [0x00000000eab00000,0x00000000eba00000,0x00000000eba00000)
  from space 3072K, 99% used [0x00000000eba00000,0x00000000ebcff8b8,0x00000000ebd00000)
  to   space 4608K, 0% used [0x00000000ebe80000,0x00000000ebe80000,0x00000000ec300000)
 ParOldGen       total 68608K, used 65273K [0x00000000c0000000, 0x00000000c4300000, 0x00000000eab00000)
  object space 68608K, 95% used [0x00000000c0000000,0x00000000c3fbe730,0x00000000c4300000)
 Metaspace       used 50685K, committed 51904K, reserved 1114112K
  class space    used 5326K, committed 5824K, reserved 1048576K
}
Event: 18.973 GC heap after
{Heap after GC invocations=36 (full 2):
 PSYoungGen      total 18432K, used 3034K [0x00000000eab00000, 0x00000000ec180000, 0x0000000100000000)
  eden space 15360K, 0% used [0x00000000eab00000,0x00000000eab00000,0x00000000eba00000)
  from space 3072K, 98% used [0x00000000ebe80000,0x00000000ec176ae0,0x00000000ec180000)
  to   space 3584K, 0% used [0x00000000eba80000,0x00000000eba80000,0x00000000ebe00000)
 ParOldGen       total 68608K, used 68168K [0x00000000c0000000, 0x00000000c4300000, 0x00000000eab00000)
  object space 68608K, 99% used [0x00000000c0000000,0x00000000c4292048,0x00000000c4300000)
 Metaspace       used 50685K, committed 51904K, reserved 1114112K
  class space    used 5326K, committed 5824K, reserved 1048576K
}
Event: 19.086 GC heap before
{Heap before GC invocations=37 (full 2):
 PSYoungGen      total 18432K, used 18394K [0x00000000eab00000, 0x00000000ec180000, 0x0000000100000000)
  eden space 15360K, 100% used [0x00000000eab00000,0x00000000eba00000,0x00000000eba00000)
  from space 3072K, 98% used [0x00000000ebe80000,0x00000000ec176ae0,0x00000000ec180000)
  to   space 3584K, 0% used [0x00000000eba80000,0x00000000eba80000,0x00000000ebe00000)
 ParOldGen       total 68608K, used 68168K [0x00000000c0000000, 0x00000000c4300000, 0x00000000eab00000)
  object space 68608K, 99% used [0x00000000c0000000,0x00000000c4292048,0x00000000c4300000)
 Metaspace       used 50747K, committed 51968K, reserved 1114112K
  class space    used 5348K, committed 5888K, reserved 1048576K
}
Event: 19.091 GC heap after
{Heap after GC invocations=37 (full 2):
 PSYoungGen      total 18944K, used 3420K [0x00000000eab00000, 0x00000000ec100000, 0x0000000100000000)
  eden space 15360K, 0% used [0x00000000eab00000,0x00000000eab00000,0x00000000eba00000)
  from space 3584K, 95% used [0x00000000eba80000,0x00000000ebdd7280,0x00000000ebe00000)
  to   space 3072K, 0% used [0x00000000ebe00000,0x00000000ebe00000,0x00000000ec100000)
 ParOldGen       total 71168K, used 70906K [0x00000000c0000000, 0x00000000c4580000, 0x00000000eab00000)
  object space 71168K, 99% used [0x00000000c0000000,0x00000000c453e9e0,0x00000000c4580000)
 Metaspace       used 50747K, committed 51968K, reserved 1114112K
  class space    used 5348K, committed 5888K, reserved 1048576K
}
Event: 19.226 GC heap before
{Heap before GC invocations=38 (full 2):
 PSYoungGen      total 18944K, used 18762K [0x00000000eab00000, 0x00000000ec100000, 0x0000000100000000)
  eden space 15360K, 99% used [0x00000000eab00000,0x00000000eb9fb740,0x00000000eba00000)
  from space 3584K, 95% used [0x00000000eba80000,0x00000000ebdd7280,0x00000000ebe00000)
  to   space 3072K, 0% used [0x00000000ebe00000,0x00000000ebe00000,0x00000000ec100000)
 ParOldGen       total 71168K, used 70906K [0x00000000c0000000, 0x00000000c4580000, 0x00000000eab00000)
  object space 71168K, 99% used [0x00000000c0000000,0x00000000c453e9e0,0x00000000c4580000)
 Metaspace       used 50822K, committed 52032K, reserved 1114112K
  class space    used 5371K, committed 5888K, reserved 1048576K
}
Event: 19.232 GC heap after
{Heap after GC invocations=38 (full 2):
 PSYoungGen      total 18432K, used 2826K [0x00000000eab00000, 0x00000000ec100000, 0x0000000100000000)
  eden space 15360K, 0% used [0x00000000eab00000,0x00000000eab00000,0x00000000eba00000)
  from space 3072K, 91% used [0x00000000ebe00000,0x00000000ec0c2810,0x00000000ec100000)
  to   space 3072K, 0% used [0x00000000ebb00000,0x00000000ebb00000,0x00000000ebe00000)
 ParOldGen       total 74240K, used 74099K [0x00000000c0000000, 0x00000000c4880000, 0x00000000eab00000)
  object space 74240K, 99% used [0x00000000c0000000,0x00000000c485cf30,0x00000000c4880000)
 Metaspace       used 50822K, committed 52032K, reserved 1114112K
  class space    used 5371K, committed 5888K, reserved 1048576K
}
Event: 19.357 GC heap before
{Heap before GC invocations=39 (full 2):
 PSYoungGen      total 18432K, used 18146K [0x00000000eab00000, 0x00000000ec100000, 0x0000000100000000)
  eden space 15360K, 99% used [0x00000000eab00000,0x00000000eb9f6120,0x00000000eba00000)
  from space 3072K, 91% used [0x00000000ebe00000,0x00000000ec0c2810,0x00000000ec100000)
  to   space 3072K, 0% used [0x00000000ebb00000,0x00000000ebb00000,0x00000000ebe00000)
 ParOldGen       total 74240K, used 74099K [0x00000000c0000000, 0x00000000c4880000, 0x00000000eab00000)
  object space 74240K, 99% used [0x00000000c0000000,0x00000000c485cf30,0x00000000c4880000)
 Metaspace       used 50929K, committed 52160K, reserved 1114112K
  class space    used 5384K, committed 5888K, reserved 1048576K
}
Event: 19.364 GC heap after
{Heap after GC invocations=39 (full 2):
 PSYoungGen      total 18432K, used 3070K [0x00000000eab00000, 0x00000000ec700000, 0x0000000100000000)
  eden space 15360K, 0% used [0x00000000eab00000,0x00000000eab00000,0x00000000eba00000)
  from space 3072K, 99% used [0x00000000ebb00000,0x00000000ebdffa58,0x00000000ebe00000)
  to   space 6656K, 0% used [0x00000000ec080000,0x00000000ec080000,0x00000000ec700000)
 ParOldGen       total 76800K, used 76768K [0x00000000c0000000, 0x00000000c4b00000, 0x00000000eab00000)
  object space 76800K, 99% used [0x00000000c0000000,0x00000000c4af8068,0x00000000c4b00000)
 Metaspace       used 50929K, committed 52160K, reserved 1114112K
  class space    used 5384K, committed 5888K, reserved 1048576K
}
Event: 19.516 GC heap before
{Heap before GC invocations=40 (full 2):
 PSYoungGen      total 18432K, used 18430K [0x00000000eab00000, 0x00000000ec700000, 0x0000000100000000)
  eden space 15360K, 100% used [0x00000000eab00000,0x00000000eba00000,0x00000000eba00000)
  from space 3072K, 99% used [0x00000000ebb00000,0x00000000ebdffa58,0x00000000ebe00000)
  to   space 6656K, 0% used [0x00000000ec080000,0x00000000ec080000,0x00000000ec700000)
 ParOldGen       total 76800K, used 76768K [0x00000000c0000000, 0x00000000c4b00000, 0x00000000eab00000)
  object space 76800K, 99% used [0x00000000c0000000,0x00000000c4af8068,0x00000000c4b00000)
 Metaspace       used 51099K, committed 52288K, reserved 1114112K
  class space    used 5392K, committed 5888K, reserved 1048576K
}
Event: 19.521 GC heap after
{Heap after GC invocations=40 (full 2):
 PSYoungGen      total 18944K, used 3502K [0x00000000eab00000, 0x00000000ec400000, 0x0000000100000000)
  eden space 15360K, 0% used [0x00000000eab00000,0x00000000eab00000,0x00000000eba00000)
  from space 3584K, 97% used [0x00000000ec080000,0x00000000ec3eb8b0,0x00000000ec400000)
  to   space 4608K, 0% used [0x00000000ebb00000,0x00000000ebb00000,0x00000000ebf80000)
 ParOldGen       total 79872K, used 79702K [0x00000000c0000000, 0x00000000c4e00000, 0x00000000eab00000)
  object space 79872K, 99% used [0x00000000c0000000,0x00000000c4dd5900,0x00000000c4e00000)
 Metaspace       used 51099K, committed 52288K, reserved 1114112K
  class space    used 5392K, committed 5888K, reserved 1048576K
}
Event: 19.665 GC heap before
{Heap before GC invocations=41 (full 2):
 PSYoungGen      total 18944K, used 18862K [0x00000000eab00000, 0x00000000ec400000, 0x0000000100000000)
  eden space 15360K, 100% used [0x00000000eab00000,0x00000000eba00000,0x00000000eba00000)
  from space 3584K, 97% used [0x00000000ec080000,0x00000000ec3eb8b0,0x00000000ec400000)
  to   space 4608K, 0% used [0x00000000ebb00000,0x00000000ebb00000,0x00000000ebf80000)
 ParOldGen       total 79872K, used 79702K [0x00000000c0000000, 0x00000000c4e00000, 0x00000000eab00000)
  object space 79872K, 99% used [0x00000000c0000000,0x00000000c4dd5900,0x00000000c4e00000)
 Metaspace       used 51295K, committed 52544K, reserved 1114112K
  class space    used 5406K, committed 5952K, reserved 1048576K
}

