# JRE version: OpenJDK Runtime Environment OpenLogic-OpenJDK (17.0.14+7) (build 17.0.14+7-adhoc..jdk17u)
# Java VM: OpenJDK 64-Bit Server VM OpenLogic-OpenJDK (17.0.14+7-adhoc..jdk17u, mixed mode, sharing, tiered, compressed oops, compressed class ptrs, g1 gc, windows-amd64)
GC Precious Log:
 CPUs: 12 total, 12 available
 Memory: 16055M
 Large Page Support: Disabled
 NUMA Support: Disabled
 Compressed Oops: Enabled (32-bit)
 Heap Region Size: 1M
 Heap Min Capacity: 8M
 Heap Initial Capacity: 252M
 Heap Max Capacity: 2G
 Pre-touch: Disabled
 Parallel Workers: 10
 Concurrent Workers: 3
 Concurrent Refinement Workers: 10
 Periodic GC: Disabled
Heap:
 garbage-first heap   total 177152K, used 133588K [0x0000000080000000, 0x0000000100000000)
  region size 1024K, 3 young (3072K), 3 survivors (3072K)
 Metaspace       used 100255K, committed 101312K, reserved 557056K
  class space    used 13943K, committed 14464K, reserved 425984K
GC Heap History (20 events):
Event: 51.056 GC heap after
{Heap after GC invocations=57 (full 0):
 garbage-first heap   total 177152K, used 122089K [0x0000000080000000, 0x0000000100000000)
  region size 1024K, 3 young (3072K), 3 survivors (3072K)
 Metaspace       used 92144K, committed 93120K, reserved 557056K
  class space    used 12749K, committed 13248K, reserved 425984K
}
Event: 51.966 GC heap before
{Heap before GC invocations=57 (full 0):
 garbage-first heap   total 177152K, used 151785K [0x0000000080000000, 0x0000000100000000)
  region size 1024K, 32 young (32768K), 3 survivors (3072K)
 Metaspace       used 94046K, committed 95040K, reserved 557056K
  class space    used 13078K, committed 13568K, reserved 425984K
}
Event: 51.970 GC heap after
{Heap after GC invocations=58 (full 0):
 garbage-first heap   total 177152K, used 122431K [0x0000000080000000, 0x0000000100000000)
  region size 1024K, 2 young (2048K), 2 survivors (2048K)
 Metaspace       used 94046K, committed 95040K, reserved 557056K
  class space    used 13078K, committed 13568K, reserved 425984K
}
Event: 52.918 GC heap before
{Heap before GC invocations=58 (full 0):
 garbage-first heap   total 177152K, used 152127K [0x0000000080000000, 0x0000000100000000)
  region size 1024K, 31 young (31744K), 2 survivors (2048K)
 Metaspace       used 96113K, committed 97152K, reserved 557056K
  class space    used 13437K, committed 13952K, reserved 425984K
}
Event: 52.922 GC heap after
{Heap after GC invocations=59 (full 0):
 garbage-first heap   total 177152K, used 123539K [0x0000000080000000, 0x0000000100000000)
  region size 1024K, 3 young (3072K), 3 survivors (3072K)
 Metaspace       used 96113K, committed 97152K, reserved 557056K
  class space    used 13437K, committed 13952K, reserved 425984K
}
Event: 53.900 GC heap before
{Heap before GC invocations=59 (full 0):
 garbage-first heap   total 177152K, used 152211K [0x0000000080000000, 0x0000000100000000)
  region size 1024K, 31 young (31744K), 3 survivors (3072K)
 Metaspace       used 97813K, committed 98816K, reserved 557056K
  class space    used 13626K, committed 14144K, reserved 425984K
}
Event: 53.905 GC heap after
{Heap after GC invocations=60 (full 0):
 garbage-first heap   total 177152K, used 124263K [0x0000000080000000, 0x0000000100000000)
  region size 1024K, 3 young (3072K), 3 survivors (3072K)
 Metaspace       used 97813K, committed 98816K, reserved 557056K
  class space    used 13626K, committed 14144K, reserved 425984K
}
Event: 54.810 GC heap before
{Heap before GC invocations=60 (full 0):
 garbage-first heap   total 177152K, used 152935K [0x0000000080000000, 0x0000000100000000)
  region size 1024K, 31 young (31744K), 3 survivors (3072K)
 Metaspace       used 99534K, committed 100608K, reserved 557056K
  class space    used 13873K, committed 14400K, reserved 425984K
}
Event: 54.816 GC heap after
{Heap after GC invocations=61 (full 0):
 garbage-first heap   total 177152K, used 125667K [0x0000000080000000, 0x0000000100000000)
  region size 1024K, 4 young (4096K), 4 survivors (4096K)
 Metaspace       used 99534K, committed 100608K, reserved 557056K
  class space    used 13873K, committed 14400K, reserved 425984K
}
Event: 55.988 GC heap before
{Heap before GC invocations=61 (full 0):
 garbage-first heap   total 177152K, used 152291K [0x0000000080000000, 0x0000000100000000)
  region size 1024K, 31 young (31744K), 4 survivors (4096K)
 Metaspace       used 100228K, committed 101248K, reserved 557056K
  class space    used 13943K, committed 14464K, reserved 425984K
}
Event: 55.995 GC heap after
{Heap after GC invocations=62 (full 0):
 garbage-first heap   total 177152K, used 128569K [0x0000000080000000, 0x0000000100000000)
  region size 1024K, 4 young (4096K), 4 survivors (4096K)
 Metaspace       used 100228K, committed 101248K, reserved 557056K
  class space    used 13943K, committed 14464K, reserved 425984K
}
Event: 56.306 GC heap before
{Heap before GC invocations=62 (full 0):
 garbage-first heap   total 177152K, used 151097K [0x0000000080000000, 0x0000000100000000)
  region size 1024K, 27 young (27648K), 4 survivors (4096K)
 Metaspace       used 100238K, committed 101248K, reserved 557056K
  class space    used 13943K, committed 14464K, reserved 425984K
}
Event: 56.312 GC heap after
{Heap after GC invocations=63 (full 0):
 garbage-first heap   total 177152K, used 131423K [0x0000000080000000, 0x0000000100000000)
  region size 1024K, 4 young (4096K), 4 survivors (4096K)
 Metaspace       used 100238K, committed 101248K, reserved 557056K
  class space    used 13943K, committed 14464K, reserved 425984K
}
Event: 56.566 GC heap before
{Heap before GC invocations=63 (full 0):
 garbage-first heap   total 177152K, used 149855K [0x0000000080000000, 0x0000000100000000)
  region size 1024K, 23 young (23552K), 4 survivors (4096K)
 Metaspace       used 100254K, committed 101312K, reserved 557056K
  class space    used 13943K, committed 14464K, reserved 425984K
}
Event: 56.571 GC heap after
{Heap after GC invocations=64 (full 0):
 garbage-first heap   total 177152K, used 132087K [0x0000000080000000, 0x0000000100000000)
  region size 1024K, 3 young (3072K), 3 survivors (3072K)
 Metaspace       used 100254K, committed 101312K, reserved 557056K
  class space    used 13943K, committed 14464K, reserved 425984K
}
Event: 56.754 GC heap before
{Heap before GC invocations=64 (full 0):
 garbage-first heap   total 177152K, used 149495K [0x0000000080000000, 0x0000000100000000)
  region size 1024K, 21 young (21504K), 3 survivors (3072K)
 Metaspace       used 100254K, committed 101312K, reserved 557056K
  class space    used 13943K, committed 14464K, reserved 425984K
}
Event: 56.758 GC heap after
{Heap after GC invocations=65 (full 0):
 garbage-first heap   total 177152K, used 132650K [0x0000000080000000, 0x0000000100000000)
  region size 1024K, 3 young (3072K), 3 survivors (3072K)
 Metaspace       used 100254K, committed 101312K, reserved 557056K
  class space    used 13943K, committed 14464K, reserved 425984K
}
Event: 56.897 GC heap before
{Heap before GC invocations=65 (full 0):
 garbage-first heap   total 177152K, used 150058K [0x0000000080000000, 0x0000000100000000)
  region size 1024K, 21 young (21504K), 3 survivors (3072K)
 Metaspace       used 100254K, committed 101312K, reserved 557056K
  class space    used 13943K, committed 14464K, reserved 425984K
}
Event: 56.901 GC heap after
{Heap after GC invocations=66 (full 0):
 garbage-first heap   total 177152K, used 133070K [0x0000000080000000, 0x0000000100000000)
  region size 1024K, 3 young (3072K), 3 survivors (3072K)
 Metaspace       used 100254K, committed 101312K, reserved 557056K
  class space    used 13943K, committed 14464K, reserved 425984K
}
Event: 57.035 GC heap before
{Heap before GC invocations=66 (full 0):
 garbage-first heap   total 177152K, used 149454K [0x0000000080000000, 0x0000000100000000)
  region size 1024K, 20 young (20480K), 3 survivors (3072K)
 Metaspace       used 100255K, committed 101312K, reserved 557056K
  class space    used 13943K, committed 14464K, reserved 425984K
}

